{"meta": {"format": 3, "version": "7.8.2", "timestamp": "2025-08-27T16:17:52.106173", "branch_coverage": false, "show_contexts": false}, "files": {".pyTestGuardResults\\postings_by_account\\test_custom_entry_5d4c1536-611d-42b1-afd9-bdb96350677a.py": {"executed_lines": [1, 2, 3, 4, 5, 6, 7, 8, 9, 10, 11, 12, 13, 14, 15, 16, 17, 18, 19, 21, 23, 24, 36, 37], "summary": {"covered_lines": 24, "num_statements": 28, "percent_covered": 85.71428571428571, "percent_covered_display": "86", "missing_lines": 4, "excluded_lines": 0}, "missing_lines": [31, 32, 33, 34], "excluded_lines": [], "functions": {"PostingsByAccountTest.test_custom_entry": {"executed_lines": [24], "summary": {"covered_lines": 1, "num_statements": 5, "percent_covered": 20.0, "percent_covered_display": "20", "missing_lines": 4, "excluded_lines": 0}, "missing_lines": [31, 32, 33, 34], "excluded_lines": []}, "": {"executed_lines": [1, 2, 3, 4, 5, 6, 7, 8, 9, 10, 11, 12, 13, 14, 15, 16, 17, 18, 19, 21, 23, 36, 37], "summary": {"covered_lines": 23, "num_statements": 23, "percent_covered": 100.0, "percent_covered_display": "100", "missing_lines": 0, "excluded_lines": 0}, "missing_lines": [], "excluded_lines": []}}, "classes": {"PostingsByAccountTest": {"executed_lines": [24], "summary": {"covered_lines": 1, "num_statements": 5, "percent_covered": 20.0, "percent_covered_display": "20", "missing_lines": 4, "excluded_lines": 0}, "missing_lines": [31, 32, 33, 34], "excluded_lines": []}, "": {"executed_lines": [1, 2, 3, 4, 5, 6, 7, 8, 9, 10, 11, 12, 13, 14, 15, 16, 17, 18, 19, 21, 23, 36, 37], "summary": {"covered_lines": 23, "num_statements": 23, "percent_covered": 100.0, "percent_covered_display": "100", "missing_lines": 0, "excluded_lines": 0}, "missing_lines": [], "excluded_lines": []}}}, "beancount\\__init__.py": {"executed_lines": [1, 3, 4, 8, 10, 14, 16, 17, 21, 22, 23], "summary": {"covered_lines": 10, "num_statements": 11, "percent_covered": 90.9090909090909, "percent_covered_display": "91", "missing_lines": 1, "excluded_lines": 0}, "missing_lines": [11], "excluded_lines": [], "functions": {"": {"executed_lines": [1, 3, 4, 8, 10, 14, 16, 17, 21, 22, 23], "summary": {"covered_lines": 10, "num_statements": 11, "percent_covered": 90.9090909090909, "percent_covered_display": "91", "missing_lines": 1, "excluded_lines": 0}, "missing_lines": [11], "excluded_lines": []}}, "classes": {"": {"executed_lines": [1, 3, 4, 8, 10, 14, 16, 17, 21, 22, 23], "summary": {"covered_lines": 10, "num_statements": 11, "percent_covered": 90.9090909090909, "percent_covered_display": "91", "missing_lines": 1, "excluded_lines": 0}, "missing_lines": [11], "excluded_lines": []}}}, "beancount\\api.py": {"executed_lines": [1, 14, 15, 19, 20, 21, 22, 23, 24, 25, 26, 27, 28, 29, 30, 31, 32, 33, 34, 35, 36, 37, 38, 39, 40, 41, 42, 43, 44, 45, 46, 47, 52, 53, 54, 55, 56, 57, 58, 59, 60, 61, 62, 63, 64, 65, 66, 67, 68, 69, 70, 71, 72, 73, 77, 78, 79, 80, 81, 82, 83, 85], "summary": {"covered_lines": 61, "num_statements": 61, "percent_covered": 100.0, "percent_covered_display": "100", "missing_lines": 0, "excluded_lines": 0}, "missing_lines": [], "excluded_lines": [], "functions": {"": {"executed_lines": [1, 14, 15, 19, 20, 21, 22, 23, 24, 25, 26, 27, 28, 29, 30, 31, 32, 33, 34, 35, 36, 37, 38, 39, 40, 41, 42, 43, 44, 45, 46, 47, 52, 53, 54, 55, 56, 57, 58, 59, 60, 61, 62, 63, 64, 65, 66, 67, 68, 69, 70, 71, 72, 73, 77, 78, 79, 80, 81, 82, 83, 85], "summary": {"covered_lines": 61, "num_statements": 61, "percent_covered": 100.0, "percent_covered_display": "100", "missing_lines": 0, "excluded_lines": 0}, "missing_lines": [], "excluded_lines": []}}, "classes": {"": {"executed_lines": [1, 14, 15, 19, 20, 21, 22, 23, 24, 25, 26, 27, 28, 29, 30, 31, 32, 33, 34, 35, 36, 37, 38, 39, 40, 41, 42, 43, 44, 45, 46, 47, 52, 53, 54, 55, 56, 57, 58, 59, 60, 61, 62, 63, 64, 65, 66, 67, 68, 69, 70, 71, 72, 73, 77, 78, 79, 80, 81, 82, 83, 85], "summary": {"covered_lines": 61, "num_statements": 61, "percent_covered": 100.0, "percent_covered_display": "100", "missing_lines": 0, "excluded_lines": 0}, "missing_lines": [], "excluded_lines": []}}}, "beancount\\core\\__init__.py": {"executed_lines": [1, 3, 4], "summary": {"covered_lines": 2, "num_statements": 2, "percent_covered": 100.0, "percent_covered_display": "100", "missing_lines": 0, "excluded_lines": 0}, "missing_lines": [], "excluded_lines": [], "functions": {"": {"executed_lines": [1, 3, 4], "summary": {"covered_lines": 2, "num_statements": 2, "percent_covered": 100.0, "percent_covered_display": "100", "missing_lines": 0, "excluded_lines": 0}, "missing_lines": [], "excluded_lines": []}}, "classes": {"": {"executed_lines": [1, 3, 4], "summary": {"covered_lines": 2, "num_statements": 2, "percent_covered": 100.0, "percent_covered_display": "100", "missing_lines": 0, "excluded_lines": 0}, "missing_lines": [], "excluded_lines": []}}}, "beancount\\core\\account.py": {"executed_lines": [1, 8, 10, 11, 13, 14, 15, 16, 17, 18, 19, 20, 22, 25, 29, 37, 38, 41, 46, 49, 61, 75, 84, 87, 95, 98, 106, 109, 117, 118, 119, 120, 121, 122, 125, 133, 134, 137, 148, 149, 150, 153, 162, 165, 176, 179, 187, 191, 192, 195, 206, 207, 208, 209, 210, 215, 216, 217, 220, 229, 230, 233, 241, 242, 243, 244, 247, 248, 257, 258, 260, 262, 264, 266], "summary": {"covered_lines": 72, "num_statements": 74, "percent_covered": 97.29729729729729, "percent_covered_display": "97", "missing_lines": 2, "excluded_lines": 0}, "missing_lines": [58, 70], "excluded_lines": [], "functions": {"is_valid_root": {"executed_lines": [], "summary": {"covered_lines": 0, "num_statements": 1, "percent_covered": 0.0, "percent_covered_display": "0", "missing_lines": 1, "excluded_lines": 0}, "missing_lines": [58], "excluded_lines": []}, "is_valid_leaf": {"executed_lines": [], "summary": {"covered_lines": 0, "num_statements": 1, "percent_covered": 0.0, "percent_covered_display": "0", "missing_lines": 1, "excluded_lines": 0}, "missing_lines": [70], "excluded_lines": []}, "is_valid": {"executed_lines": [84], "summary": {"covered_lines": 1, "num_statements": 1, "percent_covered": 100.0, "percent_covered_display": "100", "missing_lines": 0, "excluded_lines": 0}, "missing_lines": [], "excluded_lines": []}, "join": {"executed_lines": [95], "summary": {"covered_lines": 1, "num_statements": 1, "percent_covered": 100.0, "percent_covered_display": "100", "missing_lines": 0, "excluded_lines": 0}, "missing_lines": [], "excluded_lines": []}, "split": {"executed_lines": [106], "summary": {"covered_lines": 1, "num_statements": 1, "percent_covered": 100.0, "percent_covered_display": "100", "missing_lines": 0, "excluded_lines": 0}, "missing_lines": [], "excluded_lines": []}, "parent": {"executed_lines": [117, 118, 119, 120, 121, 122], "summary": {"covered_lines": 6, "num_statements": 6, "percent_covered": 100.0, "percent_covered_display": "100", "missing_lines": 0, "excluded_lines": 0}, "missing_lines": [], "excluded_lines": []}, "leaf": {"executed_lines": [133, 134], "summary": {"covered_lines": 2, "num_statements": 2, "percent_covered": 100.0, "percent_covered_display": "100", "missing_lines": 0, "excluded_lines": 0}, "missing_lines": [], "excluded_lines": []}, "sans_root": {"executed_lines": [148, 149, 150], "summary": {"covered_lines": 3, "num_statements": 3, "percent_covered": 100.0, "percent_covered_display": "100", "missing_lines": 0, "excluded_lines": 0}, "missing_lines": [], "excluded_lines": []}, "root": {"executed_lines": [162], "summary": {"covered_lines": 1, "num_statements": 1, "percent_covered": 100.0, "percent_covered_display": "100", "missing_lines": 0, "excluded_lines": 0}, "missing_lines": [], "excluded_lines": []}, "has_component": {"executed_lines": [176], "summary": {"covered_lines": 1, "num_statements": 1, "percent_covered": 100.0, "percent_covered_display": "100", "missing_lines": 0, "excluded_lines": 0}, "missing_lines": [], "excluded_lines": []}, "commonprefix": {"executed_lines": [187, 191, 192], "summary": {"covered_lines": 3, "num_statements": 3, "percent_covered": 100.0, "percent_covered_display": "100", "missing_lines": 0, "excluded_lines": 0}, "missing_lines": [], "excluded_lines": []}, "walk": {"executed_lines": [206, 207, 208, 209, 210, 215, 216, 217], "summary": {"covered_lines": 8, "num_statements": 8, "percent_covered": 100.0, "percent_covered_display": "100", "missing_lines": 0, "excluded_lines": 0}, "missing_lines": [], "excluded_lines": []}, "parent_matcher": {"executed_lines": [229, 230], "summary": {"covered_lines": 2, "num_statements": 2, "percent_covered": 100.0, "percent_covered_display": "100", "missing_lines": 0, "excluded_lines": 0}, "missing_lines": [], "excluded_lines": []}, "parents": {"executed_lines": [241, 242, 243, 244], "summary": {"covered_lines": 4, "num_statements": 4, "percent_covered": 100.0, "percent_covered_display": "100", "missing_lines": 0, "excluded_lines": 0}, "missing_lines": [], "excluded_lines": []}, "AccountTransformer.__init__": {"executed_lines": [258], "summary": {"covered_lines": 1, "num_statements": 1, "percent_covered": 100.0, "percent_covered_display": "100", "missing_lines": 0, "excluded_lines": 0}, "missing_lines": [], "excluded_lines": []}, "AccountTransformer.render": {"executed_lines": [262], "summary": {"covered_lines": 1, "num_statements": 1, "percent_covered": 100.0, "percent_covered_display": "100", "missing_lines": 0, "excluded_lines": 0}, "missing_lines": [], "excluded_lines": []}, "AccountTransformer.parse": {"executed_lines": [266], "summary": {"covered_lines": 1, "num_statements": 1, "percent_covered": 100.0, "percent_covered_display": "100", "missing_lines": 0, "excluded_lines": 0}, "missing_lines": [], "excluded_lines": []}, "": {"executed_lines": [1, 8, 10, 11, 13, 14, 15, 16, 17, 18, 19, 20, 22, 25, 29, 37, 38, 41, 46, 49, 61, 75, 87, 98, 109, 125, 137, 153, 165, 179, 195, 220, 233, 247, 248, 257, 260, 264], "summary": {"covered_lines": 36, "num_statements": 36, "percent_covered": 100.0, "percent_covered_display": "100", "missing_lines": 0, "excluded_lines": 0}, "missing_lines": [], "excluded_lines": []}}, "classes": {"AccountTransformer": {"executed_lines": [258, 262, 266], "summary": {"covered_lines": 3, "num_statements": 3, "percent_covered": 100.0, "percent_covered_display": "100", "missing_lines": 0, "excluded_lines": 0}, "missing_lines": [], "excluded_lines": []}, "": {"executed_lines": [1, 8, 10, 11, 13, 14, 15, 16, 17, 18, 19, 20, 22, 25, 29, 37, 38, 41, 46, 49, 61, 75, 84, 87, 95, 98, 106, 109, 117, 118, 119, 120, 121, 122, 125, 133, 134, 137, 148, 149, 150, 153, 162, 165, 176, 179, 187, 191, 192, 195, 206, 207, 208, 209, 210, 215, 216, 217, 220, 229, 230, 233, 241, 242, 243, 244, 247, 248, 257, 260, 264], "summary": {"covered_lines": 69, "num_statements": 71, "percent_covered": 97.1830985915493, "percent_covered_display": "97", "missing_lines": 2, "excluded_lines": 0}, "missing_lines": [58, 70], "excluded_lines": []}}}, "beancount\\core\\account_types.py": {"executed_lines": [1, 11, 13, 14, 16, 17, 18, 20, 22, 26, 27, 29, 30, 31, 32, 33, 37, 42, 54, 55, 58, 68, 71, 83, 86, 97, 98, 101, 111, 112, 115, 116, 123, 133, 134, 137, 138, 141, 158, 170, 171, 174, 175, 182, 193, 195, 196, 197], "summary": {"covered_lines": 46, "num_statements": 52, "percent_covered": 88.46153846153847, "percent_covered_display": "88", "missing_lines": 6, "excluded_lines": 0}, "missing_lines": [23, 150, 151, 154, 155, 194], "excluded_lines": [], "functions": {"get_account_type": {"executed_lines": [54, 55], "summary": {"covered_lines": 2, "num_statements": 2, "percent_covered": 100.0, "percent_covered_display": "100", "missing_lines": 0, "excluded_lines": 0}, "missing_lines": [], "excluded_lines": []}, "get_account_sort_key": {"executed_lines": [68], "summary": {"covered_lines": 1, "num_statements": 1, "percent_covered": 100.0, "percent_covered_display": "100", "missing_lines": 0, "excluded_lines": 0}, "missing_lines": [], "excluded_lines": []}, "is_account_type": {"executed_lines": [83], "summary": {"covered_lines": 1, "num_statements": 1, "percent_covered": 100.0, "percent_covered_display": "100", "missing_lines": 0, "excluded_lines": 0}, "missing_lines": [], "excluded_lines": []}, "is_root_account": {"executed_lines": [97, 98], "summary": {"covered_lines": 2, "num_statements": 2, "percent_covered": 100.0, "percent_covered_display": "100", "missing_lines": 0, "excluded_lines": 0}, "missing_lines": [], "excluded_lines": []}, "is_balance_sheet_account": {"executed_lines": [111, 112, 115, 116], "summary": {"covered_lines": 4, "num_statements": 4, "percent_covered": 100.0, "percent_covered_display": "100", "missing_lines": 0, "excluded_lines": 0}, "missing_lines": [], "excluded_lines": []}, "is_income_statement_account": {"executed_lines": [133, 134, 137, 138], "summary": {"covered_lines": 4, "num_statements": 4, "percent_covered": 100.0, "percent_covered_display": "100", "missing_lines": 0, "excluded_lines": 0}, "missing_lines": [], "excluded_lines": []}, "is_equity_account": {"executed_lines": [], "summary": {"covered_lines": 0, "num_statements": 4, "percent_covered": 0.0, "percent_covered_display": "0", "missing_lines": 4, "excluded_lines": 0}, "missing_lines": [150, 151, 154, 155], "excluded_lines": []}, "is_inverted_account": {"executed_lines": [170, 171, 174, 175], "summary": {"covered_lines": 4, "num_statements": 4, "percent_covered": 100.0, "percent_covered_display": "100", "missing_lines": 0, "excluded_lines": 0}, "missing_lines": [], "excluded_lines": []}, "get_account_sign": {"executed_lines": [193, 195, 196, 197], "summary": {"covered_lines": 4, "num_statements": 5, "percent_covered": 80.0, "percent_covered_display": "80", "missing_lines": 1, "excluded_lines": 0}, "missing_lines": [194], "excluded_lines": []}, "": {"executed_lines": [1, 11, 13, 14, 16, 17, 18, 20, 22, 26, 27, 29, 30, 31, 32, 33, 37, 42, 58, 71, 86, 101, 123, 141, 158, 182], "summary": {"covered_lines": 24, "num_statements": 25, "percent_covered": 96.0, "percent_covered_display": "96", "missing_lines": 1, "excluded_lines": 0}, "missing_lines": [23], "excluded_lines": []}}, "classes": {"AccountTypes": {"executed_lines": [], "summary": {"covered_lines": 0, "num_statements": 0, "percent_covered": 100.0, "percent_covered_display": "100", "missing_lines": 0, "excluded_lines": 0}, "missing_lines": [], "excluded_lines": []}, "": {"executed_lines": [1, 11, 13, 14, 16, 17, 18, 20, 22, 26, 27, 29, 30, 31, 32, 33, 37, 42, 54, 55, 58, 68, 71, 83, 86, 97, 98, 101, 111, 112, 115, 116, 123, 133, 134, 137, 138, 141, 158, 170, 171, 174, 175, 182, 193, 195, 196, 197], "summary": {"covered_lines": 46, "num_statements": 52, "percent_covered": 88.46153846153847, "percent_covered_display": "88", "missing_lines": 6, "excluded_lines": 0}, "missing_lines": [23, 150, 151, 154, 155, 194], "excluded_lines": []}}}, "beancount\\core\\amount.py": {"executed_lines": [1, 10, 12, 13, 15, 16, 17, 18, 19, 21, 22, 23, 24, 26, 32, 40, 41, 47, 49, 50, 52, 59, 60, 61, 63, 71, 72, 77, 79, 85, 87, 89, 94, 96, 101, 102, 103, 105, 112, 114, 119, 121, 126, 129, 131, 132, 142, 145, 146, 147, 148, 157, 165, 168, 177, 180, 183, 186, 195, 198, 201, 204, 214, 217, 220, 221, 224, 227, 237, 240, 243, 244, 247, 250, 258, 261, 264], "summary": {"covered_lines": 75, "num_statements": 79, "percent_covered": 94.9367088607595, "percent_covered_display": "95", "missing_lines": 4, "excluded_lines": 0}, "missing_lines": [27, 73, 74, 76], "excluded_lines": [], "functions": {"Amount.__new__": {"executed_lines": [59, 60, 61], "summary": {"covered_lines": 3, "num_statements": 3, "percent_covered": 100.0, "percent_covered_display": "100", "missing_lines": 0, "excluded_lines": 0}, "missing_lines": [], "excluded_lines": []}, "Amount.to_string": {"executed_lines": [71, 72, 77], "summary": {"covered_lines": 3, "num_statements": 6, "percent_covered": 50.0, "percent_covered_display": "50", "missing_lines": 3, "excluded_lines": 0}, "missing_lines": [73, 74, 76], "excluded_lines": []}, "Amount.__str__": {"executed_lines": [85], "summary": {"covered_lines": 1, "num_statements": 1, "percent_covered": 100.0, "percent_covered_display": "100", "missing_lines": 0, "excluded_lines": 0}, "missing_lines": [], "excluded_lines": []}, "Amount.__bool__": {"executed_lines": [94], "summary": {"covered_lines": 1, "num_statements": 1, "percent_covered": 100.0, "percent_covered_display": "100", "missing_lines": 0, "excluded_lines": 0}, "missing_lines": [], "excluded_lines": []}, "Amount.__eq__": {"executed_lines": [101, 102, 103], "summary": {"covered_lines": 3, "num_statements": 3, "percent_covered": 100.0, "percent_covered_display": "100", "missing_lines": 0, "excluded_lines": 0}, "missing_lines": [], "excluded_lines": []}, "Amount.__lt__": {"executed_lines": [112], "summary": {"covered_lines": 1, "num_statements": 1, "percent_covered": 100.0, "percent_covered_display": "100", "missing_lines": 0, "excluded_lines": 0}, "missing_lines": [], "excluded_lines": []}, "Amount.__hash__": {"executed_lines": [119], "summary": {"covered_lines": 1, "num_statements": 1, "percent_covered": 100.0, "percent_covered_display": "100", "missing_lines": 0, "excluded_lines": 0}, "missing_lines": [], "excluded_lines": []}, "Amount.__neg__": {"executed_lines": [126, 129], "summary": {"covered_lines": 2, "num_statements": 2, "percent_covered": 100.0, "percent_covered_display": "100", "missing_lines": 0, "excluded_lines": 0}, "missing_lines": [], "excluded_lines": []}, "Amount.from_string": {"executed_lines": [142, 145, 146, 147, 148], "summary": {"covered_lines": 5, "num_statements": 5, "percent_covered": 100.0, "percent_covered_display": "100", "missing_lines": 0, "excluded_lines": 0}, "missing_lines": [], "excluded_lines": []}, "sortkey": {"executed_lines": [165], "summary": {"covered_lines": 1, "num_statements": 1, "percent_covered": 100.0, "percent_covered_display": "100", "missing_lines": 0, "excluded_lines": 0}, "missing_lines": [], "excluded_lines": []}, "mul": {"executed_lines": [177, 180, 183], "summary": {"covered_lines": 3, "num_statements": 3, "percent_covered": 100.0, "percent_covered_display": "100", "missing_lines": 0, "excluded_lines": 0}, "missing_lines": [], "excluded_lines": []}, "div": {"executed_lines": [195, 198, 201], "summary": {"covered_lines": 3, "num_statements": 3, "percent_covered": 100.0, "percent_covered_display": "100", "missing_lines": 0, "excluded_lines": 0}, "missing_lines": [], "excluded_lines": []}, "add": {"executed_lines": [214, 217, 220, 221, 224], "summary": {"covered_lines": 5, "num_statements": 5, "percent_covered": 100.0, "percent_covered_display": "100", "missing_lines": 0, "excluded_lines": 0}, "missing_lines": [], "excluded_lines": []}, "sub": {"executed_lines": [237, 240, 243, 244, 247], "summary": {"covered_lines": 5, "num_statements": 5, "percent_covered": 100.0, "percent_covered_display": "100", "missing_lines": 0, "excluded_lines": 0}, "missing_lines": [], "excluded_lines": []}, "abs": {"executed_lines": [258, 261], "summary": {"covered_lines": 2, "num_statements": 2, "percent_covered": 100.0, "percent_covered_display": "100", "missing_lines": 0, "excluded_lines": 0}, "missing_lines": [], "excluded_lines": []}, "": {"executed_lines": [1, 10, 12, 13, 15, 16, 17, 18, 19, 21, 22, 23, 24, 26, 32, 40, 41, 47, 49, 50, 52, 63, 79, 87, 89, 96, 105, 114, 121, 131, 132, 157, 168, 186, 204, 227, 250, 264], "summary": {"covered_lines": 36, "num_statements": 37, "percent_covered": 97.29729729729729, "percent_covered_display": "97", "missing_lines": 1, "excluded_lines": 0}, "missing_lines": [27], "excluded_lines": []}}, "classes": {"Amount": {"executed_lines": [59, 60, 61, 71, 72, 77, 85, 94, 101, 102, 103, 112, 119, 126, 129, 142, 145, 146, 147, 148], "summary": {"covered_lines": 20, "num_statements": 23, "percent_covered": 86.95652173913044, "percent_covered_display": "87", "missing_lines": 3, "excluded_lines": 0}, "missing_lines": [73, 74, 76], "excluded_lines": []}, "": {"executed_lines": [1, 10, 12, 13, 15, 16, 17, 18, 19, 21, 22, 23, 24, 26, 32, 40, 41, 47, 49, 50, 52, 63, 79, 87, 89, 96, 105, 114, 121, 131, 132, 157, 165, 168, 177, 180, 183, 186, 195, 198, 201, 204, 214, 217, 220, 221, 224, 227, 237, 240, 243, 244, 247, 250, 258, 261, 264], "summary": {"covered_lines": 55, "num_statements": 56, "percent_covered": 98.21428571428571, "percent_covered_display": "98", "missing_lines": 1, "excluded_lines": 0}, "missing_lines": [27], "excluded_lines": []}}}, "beancount\\core\\compare.py": {"executed_lines": [1, 3, 5, 6, 8, 9, 10, 12, 13, 16, 17, 19, 20, 21, 25, 28, 46, 47, 48, 49, 50, 51, 52, 53, 54, 59, 60, 62, 63, 66, 80, 85, 103, 104, 105, 106, 107, 109, 125, 127, 128, 133, 136, 156, 157, 158, 159, 161, 165, 166, 167, 168, 171, 184, 185, 186, 187, 189, 193, 194, 195, 198, 211, 212, 213, 214, 216, 220, 221, 222, 223], "summary": {"covered_lines": 69, "num_statements": 82, "percent_covered": 84.14634146341463, "percent_covered_display": "84", "missing_lines": 13, "excluded_lines": 0}, "missing_lines": [56, 57, 58, 110, 115, 117, 118, 162, 163, 190, 191, 217, 218], "excluded_lines": [], "functions": {"stable_hash_namedtuple": {"executed_lines": [46, 47, 48, 49, 50, 51, 52, 53, 54, 59, 60, 62, 63], "summary": {"covered_lines": 13, "num_statements": 16, "percent_covered": 81.25, "percent_covered_display": "81", "missing_lines": 3, "excluded_lines": 0}, "missing_lines": [56, 57, 58], "excluded_lines": []}, "hash_entry": {"executed_lines": [80], "summary": {"covered_lines": 1, "num_statements": 1, "percent_covered": 100.0, "percent_covered_display": "100", "missing_lines": 0, "excluded_lines": 0}, "missing_lines": [], "excluded_lines": []}, "hash_entries": {"executed_lines": [103, 104, 105, 106, 107, 109, 125, 127, 128, 133], "summary": {"covered_lines": 10, "num_statements": 14, "percent_covered": 71.42857142857143, "percent_covered_display": "71", "missing_lines": 4, "excluded_lines": 0}, "missing_lines": [110, 115, 117, 118], "excluded_lines": []}, "compare_entries": {"executed_lines": [156, 157, 158, 159, 161, 165, 166, 167, 168], "summary": {"covered_lines": 9, "num_statements": 11, "percent_covered": 81.81818181818181, "percent_covered_display": "82", "missing_lines": 2, "excluded_lines": 0}, "missing_lines": [162, 163], "excluded_lines": []}, "includes_entries": {"executed_lines": [184, 185, 186, 187, 189, 193, 194, 195], "summary": {"covered_lines": 8, "num_statements": 10, "percent_covered": 80.0, "percent_covered_display": "80", "missing_lines": 2, "excluded_lines": 0}, "missing_lines": [190, 191], "excluded_lines": []}, "excludes_entries": {"executed_lines": [211, 212, 213, 214, 216, 220, 221, 222, 223], "summary": {"covered_lines": 9, "num_statements": 11, "percent_covered": 81.81818181818181, "percent_covered_display": "82", "missing_lines": 2, "excluded_lines": 0}, "missing_lines": [217, 218], "excluded_lines": []}, "": {"executed_lines": [1, 3, 5, 6, 8, 9, 10, 12, 13, 16, 17, 19, 20, 21, 25, 28, 66, 85, 136, 171, 198], "summary": {"covered_lines": 19, "num_statements": 19, "percent_covered": 100.0, "percent_covered_display": "100", "missing_lines": 0, "excluded_lines": 0}, "missing_lines": [], "excluded_lines": []}}, "classes": {"CompareError": {"executed_lines": [], "summary": {"covered_lines": 0, "num_statements": 0, "percent_covered": 100.0, "percent_covered_display": "100", "missing_lines": 0, "excluded_lines": 0}, "missing_lines": [], "excluded_lines": []}, "": {"executed_lines": [1, 3, 5, 6, 8, 9, 10, 12, 13, 16, 17, 19, 20, 21, 25, 28, 46, 47, 48, 49, 50, 51, 52, 53, 54, 59, 60, 62, 63, 66, 80, 85, 103, 104, 105, 106, 107, 109, 125, 127, 128, 133, 136, 156, 157, 158, 159, 161, 165, 166, 167, 168, 171, 184, 185, 186, 187, 189, 193, 194, 195, 198, 211, 212, 213, 214, 216, 220, 221, 222, 223], "summary": {"covered_lines": 69, "num_statements": 82, "percent_covered": 84.14634146341463, "percent_covered_display": "84", "missing_lines": 13, "excluded_lines": 0}, "missing_lines": [56, 57, 58, 110, 115, 117, 118, 162, 163, 190, 191, 217, 218], "excluded_lines": []}}}, "beancount\\core\\convert.py": {"executed_lines": [1, 22, 23, 25, 27, 28, 29, 30, 31, 34, 42, 43, 46, 54, 55, 56, 63, 84, 85, 86, 89, 90, 93, 96, 97, 98, 100, 103, 104, 106, 109, 135, 136, 137, 140, 146, 148, 149, 150, 152, 153, 156, 162, 179, 180, 185, 190, 210, 211, 212, 214, 215, 216, 220, 221, 222, 223, 224, 225, 226, 227, 228, 229, 232], "summary": {"covered_lines": 63, "num_statements": 65, "percent_covered": 96.92307692307692, "percent_covered_display": "97", "missing_lines": 2, "excluded_lines": 0}, "missing_lines": [101, 151], "excluded_lines": [], "functions": {"get_units": {"executed_lines": [42, 43], "summary": {"covered_lines": 2, "num_statements": 2, "percent_covered": 100.0, "percent_covered_display": "100", "missing_lines": 0, "excluded_lines": 0}, "missing_lines": [], "excluded_lines": []}, "get_cost": {"executed_lines": [54, 55, 56], "summary": {"covered_lines": 3, "num_statements": 3, "percent_covered": 100.0, "percent_covered_display": "100", "missing_lines": 0, "excluded_lines": 0}, "missing_lines": [], "excluded_lines": []}, "get_weight": {"executed_lines": [84, 85, 86, 89, 90, 93, 96, 97, 98, 100, 103, 104, 106], "summary": {"covered_lines": 13, "num_statements": 14, "percent_covered": 92.85714285714286, "percent_covered_display": "93", "missing_lines": 1, "excluded_lines": 0}, "missing_lines": [101], "excluded_lines": []}, "get_value": {"executed_lines": [135, 136, 137, 140, 146, 148, 149, 150, 152, 153, 156], "summary": {"covered_lines": 11, "num_statements": 12, "percent_covered": 91.66666666666667, "percent_covered_display": "92", "missing_lines": 1, "excluded_lines": 0}, "missing_lines": [151], "excluded_lines": []}, "convert_position": {"executed_lines": [179, 180, 185], "summary": {"covered_lines": 3, "num_statements": 3, "percent_covered": 100.0, "percent_covered_display": "100", "missing_lines": 0, "excluded_lines": 0}, "missing_lines": [], "excluded_lines": []}, "convert_amount": {"executed_lines": [210, 211, 212, 214, 215, 216, 220, 221, 222, 223, 224, 225, 226, 227, 228, 229, 232], "summary": {"covered_lines": 17, "num_statements": 17, "percent_covered": 100.0, "percent_covered_display": "100", "missing_lines": 0, "excluded_lines": 0}, "missing_lines": [], "excluded_lines": []}, "": {"executed_lines": [1, 22, 23, 25, 27, 28, 29, 30, 31, 34, 46, 63, 109, 162, 190], "summary": {"covered_lines": 14, "num_statements": 14, "percent_covered": 100.0, "percent_covered_display": "100", "missing_lines": 0, "excluded_lines": 0}, "missing_lines": [], "excluded_lines": []}}, "classes": {"": {"executed_lines": [1, 22, 23, 25, 27, 28, 29, 30, 31, 34, 42, 43, 46, 54, 55, 56, 63, 84, 85, 86, 89, 90, 93, 96, 97, 98, 100, 103, 104, 106, 109, 135, 136, 137, 140, 146, 148, 149, 150, 152, 153, 156, 162, 179, 180, 185, 190, 210, 211, 212, 214, 215, 216, 220, 221, 222, 223, 224, 225, 226, 227, 228, 229, 232], "summary": {"covered_lines": 63, "num_statements": 65, "percent_covered": 96.92307692307692, "percent_covered_display": "97", "missing_lines": 2, "excluded_lines": 0}, "missing_lines": [101, 151], "excluded_lines": []}}}, "beancount\\core\\data.py": {"executed_lines": [1, 3, 5, 6, 8, 9, 10, 11, 12, 13, 14, 15, 16, 17, 18, 20, 21, 22, 23, 24, 25, 28, 29, 30, 31, 34, 35, 37, 38, 39, 40, 41, 42, 48, 53, 54, 56, 61, 64, 67, 70, 73, 76, 92, 93, 110, 111, 112, 113, 114, 117, 118, 127, 128, 129, 132, 133, 149, 150, 151, 154, 155, 170, 171, 172, 173, 176, 177, 197, 198, 199, 200, 201, 202, 205, 206, 230, 231, 232, 233, 234, 235, 238, 239, 261, 262, 263, 264, 265, 266, 267, 268, 271, 272, 282, 283, 286, 287, 304, 305, 306, 307, 308, 309, 312, 313, 343, 344, 345, 346, 349, 350, 365, 366, 367, 368, 371, 372, 390, 391, 392, 393, 396, 397, 418, 419, 420, 421, 422, 423, 426, 427, 444, 445, 446, 447, 451, 467, 483, 484, 486, 487, 488, 489, 490, 491, 492, 493, 494, 495, 496, 497, 502, 503, 504, 507, 517, 518, 520, 524, 525, 530, 531, 536, 550, 551, 552, 553, 555, 556, 557, 558, 559, 560, 561, 564, 585, 586, 587, 588, 589, 590, 591, 592, 593, 594, 595, 596, 599, 602, 615, 616, 617, 618, 619, 620, 621, 622, 623, 624, 629, 632, 635, 636, 645, 656, 659, 670, 673, 674, 675, 679, 687, 704, 707, 718, 721, 729, 732, 743, 744, 745, 746, 750, 761, 762, 763, 766, 777, 782, 796, 797, 798, 799, 800, 801, 802, 803, 804, 805, 808, 816, 817, 818, 821, 826, 827, 830, 843, 844, 845, 846, 847], "summary": {"covered_lines": 236, "num_statements": 244, "percent_covered": 96.72131147540983, "percent_covered_display": "97", "missing_lines": 8, "excluded_lines": 0}, "missing_lines": [519, 637, 638, 639, 640, 641, 642, 676], "excluded_lines": [], "functions": {"BeancountError.source": {"executed_lines": [38], "summary": {"covered_lines": 1, "num_statements": 1, "percent_covered": 100.0, "percent_covered_display": "100", "missing_lines": 0, "excluded_lines": 0}, "missing_lines": [], "excluded_lines": []}, "BeancountError.message": {"executed_lines": [40], "summary": {"covered_lines": 1, "num_statements": 1, "percent_covered": 100.0, "percent_covered_display": "100", "missing_lines": 0, "excluded_lines": 0}, "missing_lines": [], "excluded_lines": []}, "BeancountError.entry": {"executed_lines": [42], "summary": {"covered_lines": 1, "num_statements": 1, "percent_covered": 100.0, "percent_covered_display": "100", "missing_lines": 0, "excluded_lines": 0}, "missing_lines": [], "excluded_lines": []}, "new_metadata": {"executed_lines": [517, 518, 520], "summary": {"covered_lines": 3, "num_statements": 4, "percent_covered": 75.0, "percent_covered_display": "75", "missing_lines": 1, "excluded_lines": 0}, "missing_lines": [519], "excluded_lines": []}, "create_simple_posting": {"executed_lines": [550, 551, 552, 553, 555, 556, 557, 558, 559, 560, 561], "summary": {"covered_lines": 11, "num_statements": 11, "percent_covered": 100.0, "percent_covered_display": "100", "missing_lines": 0, "excluded_lines": 0}, "missing_lines": [], "excluded_lines": []}, "create_simple_posting_with_cost": {"executed_lines": [585, 586, 587, 588, 589, 590, 591, 592, 593, 594, 595, 596], "summary": {"covered_lines": 12, "num_statements": 12, "percent_covered": 100.0, "percent_covered_display": "100", "missing_lines": 0, "excluded_lines": 0}, "missing_lines": [], "excluded_lines": []}, "sanity_check_types": {"executed_lines": [615, 616, 617, 618, 619, 620, 621, 622, 623, 624, 629, 632, 635, 636], "summary": {"covered_lines": 14, "num_statements": 20, "percent_covered": 70.0, "percent_covered_display": "70", "missing_lines": 6, "excluded_lines": 0}, "missing_lines": [637, 638, 639, 640, 641, 642], "excluded_lines": []}, "posting_has_conversion": {"executed_lines": [656], "summary": {"covered_lines": 1, "num_statements": 1, "percent_covered": 100.0, "percent_covered_display": "100", "missing_lines": 0, "excluded_lines": 0}, "missing_lines": [], "excluded_lines": []}, "transaction_has_conversion": {"executed_lines": [670, 673, 674, 675], "summary": {"covered_lines": 4, "num_statements": 5, "percent_covered": 80.0, "percent_covered_display": "80", "missing_lines": 1, "excluded_lines": 0}, "missing_lines": [676], "excluded_lines": []}, "get_entry": {"executed_lines": [687], "summary": {"covered_lines": 1, "num_statements": 1, "percent_covered": 100.0, "percent_covered_display": "100", "missing_lines": 0, "excluded_lines": 0}, "missing_lines": [], "excluded_lines": []}, "entry_sortkey": {"executed_lines": [718], "summary": {"covered_lines": 1, "num_statements": 1, "percent_covered": 100.0, "percent_covered_display": "100", "missing_lines": 0, "excluded_lines": 0}, "missing_lines": [], "excluded_lines": []}, "sorted": {"executed_lines": [729], "summary": {"covered_lines": 1, "num_statements": 1, "percent_covered": 100.0, "percent_covered_display": "100", "missing_lines": 0, "excluded_lines": 0}, "missing_lines": [], "excluded_lines": []}, "posting_sortkey": {"executed_lines": [743, 744, 745, 746], "summary": {"covered_lines": 4, "num_statements": 4, "percent_covered": 100.0, "percent_covered_display": "100", "missing_lines": 0, "excluded_lines": 0}, "missing_lines": [], "excluded_lines": []}, "filter_txns": {"executed_lines": [761, 762, 763], "summary": {"covered_lines": 3, "num_statements": 3, "percent_covered": 100.0, "percent_covered_display": "100", "missing_lines": 0, "excluded_lines": 0}, "missing_lines": [], "excluded_lines": []}, "has_entry_account_component": {"executed_lines": [777], "summary": {"covered_lines": 1, "num_statements": 1, "percent_covered": 100.0, "percent_covered_display": "100", "missing_lines": 0, "excluded_lines": 0}, "missing_lines": [], "excluded_lines": []}, "find_closest": {"executed_lines": [796, 797, 798, 799, 800, 801, 802, 803, 804, 805], "summary": {"covered_lines": 10, "num_statements": 10, "percent_covered": 100.0, "percent_covered_display": "100", "missing_lines": 0, "excluded_lines": 0}, "missing_lines": [], "excluded_lines": []}, "remove_account_postings": {"executed_lines": [816, 817, 818, 821, 826, 827], "summary": {"covered_lines": 6, "num_statements": 6, "percent_covered": 100.0, "percent_covered_display": "100", "missing_lines": 0, "excluded_lines": 0}, "missing_lines": [], "excluded_lines": []}, "iter_entry_dates": {"executed_lines": [843, 844, 845, 846, 847], "summary": {"covered_lines": 5, "num_statements": 5, "percent_covered": 100.0, "percent_covered_display": "100", "missing_lines": 0, "excluded_lines": 0}, "missing_lines": [], "excluded_lines": []}, "": {"executed_lines": [1, 3, 5, 6, 8, 9, 10, 11, 12, 13, 14, 15, 16, 17, 18, 20, 21, 22, 23, 24, 25, 28, 29, 30, 31, 34, 35, 37, 39, 41, 48, 53, 54, 56, 61, 64, 67, 70, 73, 76, 92, 93, 110, 111, 112, 113, 114, 117, 118, 127, 128, 129, 132, 133, 149, 150, 151, 154, 155, 170, 171, 172, 173, 176, 177, 197, 198, 199, 200, 201, 202, 205, 206, 230, 231, 232, 233, 234, 235, 238, 239, 261, 262, 263, 264, 265, 266, 267, 268, 271, 272, 282, 283, 286, 287, 304, 305, 306, 307, 308, 309, 312, 313, 343, 344, 345, 346, 349, 350, 365, 366, 367, 368, 371, 372, 390, 391, 392, 393, 396, 397, 418, 419, 420, 421, 422, 423, 426, 427, 444, 445, 446, 447, 451, 467, 483, 484, 486, 487, 488, 489, 490, 491, 492, 493, 494, 495, 496, 497, 502, 503, 504, 507, 524, 525, 530, 531, 536, 564, 599, 602, 645, 659, 679, 704, 707, 721, 732, 750, 766, 782, 808, 830], "summary": {"covered_lines": 156, "num_statements": 156, "percent_covered": 100.0, "percent_covered_display": "100", "missing_lines": 0, "excluded_lines": 0}, "missing_lines": [], "excluded_lines": []}}, "classes": {"BeancountError": {"executed_lines": [38, 40, 42], "summary": {"covered_lines": 3, "num_statements": 3, "percent_covered": 100.0, "percent_covered_display": "100", "missing_lines": 0, "excluded_lines": 0}, "missing_lines": [], "excluded_lines": []}, "Booking": {"executed_lines": [], "summary": {"covered_lines": 0, "num_statements": 0, "percent_covered": 100.0, "percent_covered_display": "100", "missing_lines": 0, "excluded_lines": 0}, "missing_lines": [], "excluded_lines": []}, "Open": {"executed_lines": [], "summary": {"covered_lines": 0, "num_statements": 0, "percent_covered": 100.0, "percent_covered_display": "100", "missing_lines": 0, "excluded_lines": 0}, "missing_lines": [], "excluded_lines": []}, "Close": {"executed_lines": [], "summary": {"covered_lines": 0, "num_statements": 0, "percent_covered": 100.0, "percent_covered_display": "100", "missing_lines": 0, "excluded_lines": 0}, "missing_lines": [], "excluded_lines": []}, "Commodity": {"executed_lines": [], "summary": {"covered_lines": 0, "num_statements": 0, "percent_covered": 100.0, "percent_covered_display": "100", "missing_lines": 0, "excluded_lines": 0}, "missing_lines": [], "excluded_lines": []}, "Pad": {"executed_lines": [], "summary": {"covered_lines": 0, "num_statements": 0, "percent_covered": 100.0, "percent_covered_display": "100", "missing_lines": 0, "excluded_lines": 0}, "missing_lines": [], "excluded_lines": []}, "Balance": {"executed_lines": [], "summary": {"covered_lines": 0, "num_statements": 0, "percent_covered": 100.0, "percent_covered_display": "100", "missing_lines": 0, "excluded_lines": 0}, "missing_lines": [], "excluded_lines": []}, "Posting": {"executed_lines": [], "summary": {"covered_lines": 0, "num_statements": 0, "percent_covered": 100.0, "percent_covered_display": "100", "missing_lines": 0, "excluded_lines": 0}, "missing_lines": [], "excluded_lines": []}, "Transaction": {"executed_lines": [], "summary": {"covered_lines": 0, "num_statements": 0, "percent_covered": 100.0, "percent_covered_display": "100", "missing_lines": 0, "excluded_lines": 0}, "missing_lines": [], "excluded_lines": []}, "TxnPosting": {"executed_lines": [], "summary": {"covered_lines": 0, "num_statements": 0, "percent_covered": 100.0, "percent_covered_display": "100", "missing_lines": 0, "excluded_lines": 0}, "missing_lines": [], "excluded_lines": []}, "Note": {"executed_lines": [], "summary": {"covered_lines": 0, "num_statements": 0, "percent_covered": 100.0, "percent_covered_display": "100", "missing_lines": 0, "excluded_lines": 0}, "missing_lines": [], "excluded_lines": []}, "Event": {"executed_lines": [], "summary": {"covered_lines": 0, "num_statements": 0, "percent_covered": 100.0, "percent_covered_display": "100", "missing_lines": 0, "excluded_lines": 0}, "missing_lines": [], "excluded_lines": []}, "Query": {"executed_lines": [], "summary": {"covered_lines": 0, "num_statements": 0, "percent_covered": 100.0, "percent_covered_display": "100", "missing_lines": 0, "excluded_lines": 0}, "missing_lines": [], "excluded_lines": []}, "Price": {"executed_lines": [], "summary": {"covered_lines": 0, "num_statements": 0, "percent_covered": 100.0, "percent_covered_display": "100", "missing_lines": 0, "excluded_lines": 0}, "missing_lines": [], "excluded_lines": []}, "Document": {"executed_lines": [], "summary": {"covered_lines": 0, "num_statements": 0, "percent_covered": 100.0, "percent_covered_display": "100", "missing_lines": 0, "excluded_lines": 0}, "missing_lines": [], "excluded_lines": []}, "Custom": {"executed_lines": [], "summary": {"covered_lines": 0, "num_statements": 0, "percent_covered": 100.0, "percent_covered_display": "100", "missing_lines": 0, "excluded_lines": 0}, "missing_lines": [], "excluded_lines": []}, "dtypes": {"executed_lines": [], "summary": {"covered_lines": 0, "num_statements": 0, "percent_covered": 100.0, "percent_covered_display": "100", "missing_lines": 0, "excluded_lines": 0}, "missing_lines": [], "excluded_lines": []}, "": {"executed_lines": [1, 3, 5, 6, 8, 9, 10, 11, 12, 13, 14, 15, 16, 17, 18, 20, 21, 22, 23, 24, 25, 28, 29, 30, 31, 34, 35, 37, 39, 41, 48, 53, 54, 56, 61, 64, 67, 70, 73, 76, 92, 93, 110, 111, 112, 113, 114, 117, 118, 127, 128, 129, 132, 133, 149, 150, 151, 154, 155, 170, 171, 172, 173, 176, 177, 197, 198, 199, 200, 201, 202, 205, 206, 230, 231, 232, 233, 234, 235, 238, 239, 261, 262, 263, 264, 265, 266, 267, 268, 271, 272, 282, 283, 286, 287, 304, 305, 306, 307, 308, 309, 312, 313, 343, 344, 345, 346, 349, 350, 365, 366, 367, 368, 371, 372, 390, 391, 392, 393, 396, 397, 418, 419, 420, 421, 422, 423, 426, 427, 444, 445, 446, 447, 451, 467, 483, 484, 486, 487, 488, 489, 490, 491, 492, 493, 494, 495, 496, 497, 502, 503, 504, 507, 517, 518, 520, 524, 525, 530, 531, 536, 550, 551, 552, 553, 555, 556, 557, 558, 559, 560, 561, 564, 585, 586, 587, 588, 589, 590, 591, 592, 593, 594, 595, 596, 599, 602, 615, 616, 617, 618, 619, 620, 621, 622, 623, 624, 629, 632, 635, 636, 645, 656, 659, 670, 673, 674, 675, 679, 687, 704, 707, 718, 721, 729, 732, 743, 744, 745, 746, 750, 761, 762, 763, 766, 777, 782, 796, 797, 798, 799, 800, 801, 802, 803, 804, 805, 808, 816, 817, 818, 821, 826, 827, 830, 843, 844, 845, 846, 847], "summary": {"covered_lines": 233, "num_statements": 241, "percent_covered": 96.6804979253112, "percent_covered_display": "97", "missing_lines": 8, "excluded_lines": 0}, "missing_lines": [519, 637, 638, 639, 640, 641, 642, 676], "excluded_lines": []}}}, "beancount\\core\\display_context.py": {"executed_lines": [1, 61, 63, 64, 66, 67, 68, 69, 70, 71, 72, 74, 76, 80, 81, 83, 84, 87, 88, 90, 91, 92, 95, 96, 110, 111, 112, 113, 115, 116, 121, 123, 124, 126, 128, 129, 130, 131, 132, 133, 135, 136, 137, 138, 139, 140, 142, 151, 156, 160, 161, 162, 165, 168, 169, 171, 176, 181, 182, 183, 184, 185, 186, 191, 192, 200, 201, 202, 203, 205, 207, 209, 210, 211, 212, 213, 214, 216, 223, 225, 234, 249, 250, 251, 252, 255, 257, 263, 264, 266, 283, 284, 285, 286, 287, 288, 289, 290, 293, 295, 297, 298, 299, 300, 301, 302, 305, 308, 310, 312, 313, 314, 315, 316, 317, 318, 319, 320, 321, 322, 323, 324, 325, 326, 329, 330, 331, 332, 333, 338, 341, 343, 345, 347, 348, 349, 350, 351, 352, 353, 355, 356, 357, 358, 360, 361, 362, 363, 364, 366, 367, 369, 372, 373, 374, 375, 376, 377, 378, 379, 380, 381, 382, 383, 389, 392, 393, 405, 408, 409, 410, 411, 413, 416, 417, 418, 419, 420, 421, 423, 426, 430, 431], "summary": {"covered_lines": 177, "num_statements": 190, "percent_covered": 93.15789473684211, "percent_covered_display": "93", "missing_lines": 13, "excluded_lines": 0}, "missing_lines": [77, 125, 157, 172, 173, 174, 188, 231, 232, 254, 292, 414, 424], "excluded_lines": [], "functions": {"_CurrencyContext.__init__": {"executed_lines": [111, 112, 113], "summary": {"covered_lines": 3, "num_statements": 3, "percent_covered": 100.0, "percent_covered_display": "100", "missing_lines": 0, "excluded_lines": 0}, "missing_lines": [], "excluded_lines": []}, "_CurrencyContext.__str__": {"executed_lines": [116, 121, 123, 124, 126, 128, 129, 130, 131, 132, 133, 135, 136, 137, 138, 139, 140, 142], "summary": {"covered_lines": 18, "num_statements": 19, "percent_covered": 94.73684210526316, "percent_covered_display": "95", "missing_lines": 1, "excluded_lines": 0}, "missing_lines": [125], "excluded_lines": []}, "_CurrencyContext.update": {"executed_lines": [156, 160, 161, 162, 165, 168, 169], "summary": {"covered_lines": 7, "num_statements": 8, "percent_covered": 87.5, "percent_covered_display": "88", "missing_lines": 1, "excluded_lines": 0}, "missing_lines": [157], "excluded_lines": []}, "_CurrencyContext.update_from": {"executed_lines": [], "summary": {"covered_lines": 0, "num_statements": 3, "percent_covered": 0.0, "percent_covered_display": "0", "missing_lines": 3, "excluded_lines": 0}, "missing_lines": [172, 173, 174], "excluded_lines": []}, "_CurrencyContext.get_fractional": {"executed_lines": [181, 182, 183, 184, 185, 186], "summary": {"covered_lines": 6, "num_statements": 7, "percent_covered": 85.71428571428571, "percent_covered_display": "86", "missing_lines": 1, "excluded_lines": 0}, "missing_lines": [188], "excluded_lines": []}, "DisplayContext.__init__": {"executed_lines": [201, 202, 203], "summary": {"covered_lines": 3, "num_statements": 3, "percent_covered": 100.0, "percent_covered_display": "100", "missing_lines": 0, "excluded_lines": 0}, "missing_lines": [], "excluded_lines": []}, "DisplayContext.set_commas": {"executed_lines": [207], "summary": {"covered_lines": 1, "num_statements": 1, "percent_covered": 100.0, "percent_covered_display": "100", "missing_lines": 0, "excluded_lines": 0}, "missing_lines": [], "excluded_lines": []}, "DisplayContext.__str__": {"executed_lines": [210, 211, 212, 213, 214], "summary": {"covered_lines": 5, "num_statements": 5, "percent_covered": 100.0, "percent_covered_display": "100", "missing_lines": 0, "excluded_lines": 0}, "missing_lines": [], "excluded_lines": []}, "DisplayContext.update": {"executed_lines": [223], "summary": {"covered_lines": 1, "num_statements": 1, "percent_covered": 100.0, "percent_covered_display": "100", "missing_lines": 0, "excluded_lines": 0}, "missing_lines": [], "excluded_lines": []}, "DisplayContext.update_from": {"executed_lines": [], "summary": {"covered_lines": 0, "num_statements": 2, "percent_covered": 0.0, "percent_covered_display": "0", "missing_lines": 2, "excluded_lines": 0}, "missing_lines": [231, 232], "excluded_lines": []}, "DisplayContext.quantize": {"executed_lines": [249, 250, 251, 252, 255, 257, 263, 264], "summary": {"covered_lines": 8, "num_statements": 9, "percent_covered": 88.88888888888889, "percent_covered_display": "89", "missing_lines": 1, "excluded_lines": 0}, "missing_lines": [254], "excluded_lines": []}, "DisplayContext.build": {"executed_lines": [283, 284, 285, 286, 287, 288, 289, 290, 293, 295], "summary": {"covered_lines": 10, "num_statements": 11, "percent_covered": 90.9090909090909, "percent_covered_display": "91", "missing_lines": 1, "excluded_lines": 0}, "missing_lines": [292], "excluded_lines": []}, "DisplayContext._build_natural": {"executed_lines": [298, 299, 300, 301, 302, 305, 308], "summary": {"covered_lines": 7, "num_statements": 7, "percent_covered": 100.0, "percent_covered_display": "100", "missing_lines": 0, "excluded_lines": 0}, "missing_lines": [], "excluded_lines": []}, "DisplayContext._build_right": {"executed_lines": [312, 313, 314, 315, 316, 317, 318, 319, 320, 321, 322, 323, 324, 325, 326, 329, 330, 331, 332, 333, 338, 341], "summary": {"covered_lines": 22, "num_statements": 22, "percent_covered": 100.0, "percent_covered_display": "100", "missing_lines": 0, "excluded_lines": 0}, "missing_lines": [], "excluded_lines": []}, "DisplayContext._build_dot": {"executed_lines": [347, 348, 349, 350, 351, 352, 353, 355, 356, 357, 358, 360, 361, 362, 363, 364, 366, 367, 369, 372, 373, 374, 375, 376, 377, 378, 379, 380, 381, 382, 383, 389], "summary": {"covered_lines": 32, "num_statements": 32, "percent_covered": 100.0, "percent_covered_display": "100", "missing_lines": 0, "excluded_lines": 0}, "missing_lines": [], "excluded_lines": []}, "DisplayFormatter.__init__": {"executed_lines": [408, 409, 410, 411], "summary": {"covered_lines": 4, "num_statements": 4, "percent_covered": 100.0, "percent_covered_display": "100", "missing_lines": 0, "excluded_lines": 0}, "missing_lines": [], "excluded_lines": []}, "DisplayFormatter.__str__": {"executed_lines": [], "summary": {"covered_lines": 0, "num_statements": 1, "percent_covered": 0.0, "percent_covered_display": "0", "missing_lines": 1, "excluded_lines": 0}, "missing_lines": [414], "excluded_lines": []}, "DisplayFormatter.format": {"executed_lines": [417, 418, 419, 420, 421], "summary": {"covered_lines": 5, "num_statements": 5, "percent_covered": 100.0, "percent_covered_display": "100", "missing_lines": 0, "excluded_lines": 0}, "missing_lines": [], "excluded_lines": []}, "DisplayFormatter.quantize": {"executed_lines": [], "summary": {"covered_lines": 0, "num_statements": 1, "percent_covered": 0.0, "percent_covered_display": "0", "missing_lines": 1, "excluded_lines": 0}, "missing_lines": [424], "excluded_lines": []}, "": {"executed_lines": [1, 61, 63, 64, 66, 67, 68, 69, 70, 71, 72, 74, 76, 80, 81, 83, 84, 87, 88, 90, 91, 92, 95, 96, 110, 115, 151, 171, 176, 191, 192, 200, 205, 209, 216, 225, 234, 266, 297, 310, 343, 345, 392, 393, 405, 413, 416, 423, 426, 430, 431], "summary": {"covered_lines": 45, "num_statements": 46, "percent_covered": 97.82608695652173, "percent_covered_display": "98", "missing_lines": 1, "excluded_lines": 0}, "missing_lines": [77], "excluded_lines": []}}, "classes": {"Precision": {"executed_lines": [], "summary": {"covered_lines": 0, "num_statements": 0, "percent_covered": 100.0, "percent_covered_display": "100", "missing_lines": 0, "excluded_lines": 0}, "missing_lines": [], "excluded_lines": []}, "Align": {"executed_lines": [], "summary": {"covered_lines": 0, "num_statements": 0, "percent_covered": 100.0, "percent_covered_display": "100", "missing_lines": 0, "excluded_lines": 0}, "missing_lines": [], "excluded_lines": []}, "_CurrencyContext": {"executed_lines": [111, 112, 113, 116, 121, 123, 124, 126, 128, 129, 130, 131, 132, 133, 135, 136, 137, 138, 139, 140, 142, 156, 160, 161, 162, 165, 168, 169, 181, 182, 183, 184, 185, 186], "summary": {"covered_lines": 34, "num_statements": 40, "percent_covered": 85.0, "percent_covered_display": "85", "missing_lines": 6, "excluded_lines": 0}, "missing_lines": [125, 157, 172, 173, 174, 188], "excluded_lines": []}, "DisplayContext": {"executed_lines": [201, 202, 203, 207, 210, 211, 212, 213, 214, 223, 249, 250, 251, 252, 255, 257, 263, 264, 283, 284, 285, 286, 287, 288, 289, 290, 293, 295, 298, 299, 300, 301, 302, 305, 308, 312, 313, 314, 315, 316, 317, 318, 319, 320, 321, 322, 323, 324, 325, 326, 329, 330, 331, 332, 333, 338, 341, 347, 348, 349, 350, 351, 352, 353, 355, 356, 357, 358, 360, 361, 362, 363, 364, 366, 367, 369, 372, 373, 374, 375, 376, 377, 378, 379, 380, 381, 382, 383, 389], "summary": {"covered_lines": 89, "num_statements": 93, "percent_covered": 95.6989247311828, "percent_covered_display": "96", "missing_lines": 4, "excluded_lines": 0}, "missing_lines": [231, 232, 254, 292], "excluded_lines": []}, "DisplayFormatter": {"executed_lines": [408, 409, 410, 411, 417, 418, 419, 420, 421], "summary": {"covered_lines": 9, "num_statements": 11, "percent_covered": 81.81818181818181, "percent_covered_display": "82", "missing_lines": 2, "excluded_lines": 0}, "missing_lines": [414, 424], "excluded_lines": []}, "": {"executed_lines": [1, 61, 63, 64, 66, 67, 68, 69, 70, 71, 72, 74, 76, 80, 81, 83, 84, 87, 88, 90, 91, 92, 95, 96, 110, 115, 151, 171, 176, 191, 192, 200, 205, 209, 216, 225, 234, 266, 297, 310, 343, 345, 392, 393, 405, 413, 416, 423, 426, 430, 431], "summary": {"covered_lines": 45, "num_statements": 46, "percent_covered": 97.82608695652173, "percent_covered_display": "98", "missing_lines": 1, "excluded_lines": 0}, "missing_lines": [77], "excluded_lines": []}}}, "beancount\\core\\distribution.py": {"executed_lines": [1, 3, 4, 6, 9, 10, 14, 15, 17, 23, 25, 31, 33, 39, 40, 42, 48, 50, 51, 53, 59, 61, 62, 64, 70, 72, 73, 74, 75, 76, 77, 78], "summary": {"covered_lines": 30, "num_statements": 33, "percent_covered": 90.9090909090909, "percent_covered_display": "91", "missing_lines": 3, "excluded_lines": 0}, "missing_lines": [49, 60, 71], "excluded_lines": [], "functions": {"Distribution.__init__": {"executed_lines": [15], "summary": {"covered_lines": 1, "num_statements": 1, "percent_covered": 100.0, "percent_covered_display": "100", "missing_lines": 0, "excluded_lines": 0}, "missing_lines": [], "excluded_lines": []}, "Distribution.empty": {"executed_lines": [23], "summary": {"covered_lines": 1, "num_statements": 1, "percent_covered": 100.0, "percent_covered_display": "100", "missing_lines": 0, "excluded_lines": 0}, "missing_lines": [], "excluded_lines": []}, "Distribution.update": {"executed_lines": [31], "summary": {"covered_lines": 1, "num_statements": 1, "percent_covered": 100.0, "percent_covered_display": "100", "missing_lines": 0, "excluded_lines": 0}, "missing_lines": [], "excluded_lines": []}, "Distribution.update_from": {"executed_lines": [39, 40], "summary": {"covered_lines": 2, "num_statements": 2, "percent_covered": 100.0, "percent_covered_display": "100", "missing_lines": 0, "excluded_lines": 0}, "missing_lines": [], "excluded_lines": []}, "Distribution.min": {"executed_lines": [48, 50, 51], "summary": {"covered_lines": 3, "num_statements": 4, "percent_covered": 75.0, "percent_covered_display": "75", "missing_lines": 1, "excluded_lines": 0}, "missing_lines": [49], "excluded_lines": []}, "Distribution.max": {"executed_lines": [59, 61, 62], "summary": {"covered_lines": 3, "num_statements": 4, "percent_covered": 75.0, "percent_covered_display": "75", "missing_lines": 1, "excluded_lines": 0}, "missing_lines": [60], "excluded_lines": []}, "Distribution.mode": {"executed_lines": [70, 72, 73, 74, 75, 76, 77, 78], "summary": {"covered_lines": 8, "num_statements": 9, "percent_covered": 88.88888888888889, "percent_covered_display": "89", "missing_lines": 1, "excluded_lines": 0}, "missing_lines": [71], "excluded_lines": []}, "": {"executed_lines": [1, 3, 4, 6, 9, 10, 14, 17, 25, 33, 42, 53, 64], "summary": {"covered_lines": 11, "num_statements": 11, "percent_covered": 100.0, "percent_covered_display": "100", "missing_lines": 0, "excluded_lines": 0}, "missing_lines": [], "excluded_lines": []}}, "classes": {"Distribution": {"executed_lines": [15, 23, 31, 39, 40, 48, 50, 51, 59, 61, 62, 70, 72, 73, 74, 75, 76, 77, 78], "summary": {"covered_lines": 19, "num_statements": 22, "percent_covered": 86.36363636363636, "percent_covered_display": "86", "missing_lines": 3, "excluded_lines": 0}, "missing_lines": [49, 60, 71], "excluded_lines": []}, "": {"executed_lines": [1, 3, 4, 6, 9, 10, 14, 17, 25, 33, 42, 53, 64], "summary": {"covered_lines": 11, "num_statements": 11, "percent_covered": 100.0, "percent_covered_display": "100", "missing_lines": 0, "excluded_lines": 0}, "missing_lines": [], "excluded_lines": []}}}, "beancount\\core\\flags.py": {"executed_lines": [1, 3, 4, 8, 9, 10, 11, 12, 13, 14], "summary": {"covered_lines": 9, "num_statements": 9, "percent_covered": 100.0, "percent_covered_display": "100", "missing_lines": 0, "excluded_lines": 0}, "missing_lines": [], "excluded_lines": [], "functions": {"": {"executed_lines": [1, 3, 4, 8, 9, 10, 11, 12, 13, 14], "summary": {"covered_lines": 9, "num_statements": 9, "percent_covered": 100.0, "percent_covered_display": "100", "missing_lines": 0, "excluded_lines": 0}, "missing_lines": [], "excluded_lines": []}}, "classes": {"": {"executed_lines": [1, 3, 4, 8, 9, 10, 11, 12, 13, 14], "summary": {"covered_lines": 9, "num_statements": 9, "percent_covered": 100.0, "percent_covered_display": "100", "missing_lines": 0, "excluded_lines": 0}, "missing_lines": [], "excluded_lines": []}}}, "beancount\\core\\getters.py": {"executed_lines": [1, 5, 7, 8, 10, 11, 12, 14, 15, 16, 17, 18, 20, 37, 38, 40, 49, 50, 51, 57, 59, 73, 84, 94, 104, 115, 116, 120, 123, 132, 135, 143, 144, 147, 161, 170, 171, 172, 174, 177, 185, 186, 191, 194, 202, 203, 207, 208, 211, 219, 220, 225, 228, 239, 240, 241, 242, 243, 244, 245, 248, 257, 258, 259, 260, 261, 262, 263, 266, 269, 281, 283, 289, 295, 298, 306, 307, 308, 317, 330, 331, 342, 345, 353, 356, 374, 375, 382], "summary": {"covered_lines": 86, "num_statements": 150, "percent_covered": 57.333333333333336, "percent_covered_display": "57", "missing_lines": 64, "excluded_lines": 0}, "missing_lines": [21, 22, 23, 25, 26, 27, 28, 29, 30, 31, 32, 34, 52, 53, 54, 55, 56, 70, 71, 81, 82, 92, 102, 112, 158, 173, 187, 188, 189, 190, 204, 205, 206, 221, 222, 223, 224, 284, 285, 286, 287, 290, 291, 292, 293, 309, 310, 311, 312, 313, 314, 332, 333, 334, 335, 336, 337, 338, 339, 340, 376, 377, 378, 381], "excluded_lines": [], "functions": {"GetAccounts.get_accounts_use_map": {"executed_lines": [49, 50, 51, 57], "summary": {"covered_lines": 4, "num_statements": 9, "percent_covered": 44.44444444444444, "percent_covered_display": "44", "missing_lines": 5, "excluded_lines": 0}, "missing_lines": [52, 53, 54, 55, 56], "excluded_lines": []}, "GetAccounts.get_entry_accounts": {"executed_lines": [], "summary": {"covered_lines": 0, "num_statements": 2, "percent_covered": 0.0, "percent_covered_display": "0", "missing_lines": 2, "excluded_lines": 0}, "missing_lines": [70, 71], "excluded_lines": []}, "GetAccounts.Transaction": {"executed_lines": [], "summary": {"covered_lines": 0, "num_statements": 2, "percent_covered": 0.0, "percent_covered_display": "0", "missing_lines": 2, "excluded_lines": 0}, "missing_lines": [81, 82], "excluded_lines": []}, "GetAccounts.Pad": {"executed_lines": [], "summary": {"covered_lines": 0, "num_statements": 1, "percent_covered": 0.0, "percent_covered_display": "0", "missing_lines": 1, "excluded_lines": 0}, "missing_lines": [92], "excluded_lines": []}, "GetAccounts._one": {"executed_lines": [], "summary": {"covered_lines": 0, "num_statements": 1, "percent_covered": 0.0, "percent_covered_display": "0", "missing_lines": 1, "excluded_lines": 0}, "missing_lines": [102], "excluded_lines": []}, "GetAccounts._zero": {"executed_lines": [], "summary": {"covered_lines": 0, "num_statements": 1, "percent_covered": 0.0, "percent_covered_display": "0", "missing_lines": 1, "excluded_lines": 0}, "missing_lines": [112], "excluded_lines": []}, "get_accounts_use_map": {"executed_lines": [132], "summary": {"covered_lines": 1, "num_statements": 1, "percent_covered": 100.0, "percent_covered_display": "100", "missing_lines": 0, "excluded_lines": 0}, "missing_lines": [], "excluded_lines": []}, "get_accounts": {"executed_lines": [143, 144], "summary": {"covered_lines": 2, "num_statements": 2, "percent_covered": 100.0, "percent_covered_display": "100", "missing_lines": 0, "excluded_lines": 0}, "missing_lines": [], "excluded_lines": []}, "get_entry_accounts": {"executed_lines": [], "summary": {"covered_lines": 0, "num_statements": 1, "percent_covered": 0.0, "percent_covered_display": "0", "missing_lines": 1, "excluded_lines": 0}, "missing_lines": [158], "excluded_lines": []}, "get_account_components": {"executed_lines": [170, 171, 172, 174], "summary": {"covered_lines": 4, "num_statements": 5, "percent_covered": 80.0, "percent_covered_display": "80", "missing_lines": 1, "excluded_lines": 0}, "missing_lines": [173], "excluded_lines": []}, "get_all_tags": {"executed_lines": [185, 186, 191], "summary": {"covered_lines": 3, "num_statements": 7, "percent_covered": 42.857142857142854, "percent_covered_display": "43", "missing_lines": 4, "excluded_lines": 0}, "missing_lines": [187, 188, 189, 190], "excluded_lines": []}, "get_all_payees": {"executed_lines": [202, 203, 207, 208], "summary": {"covered_lines": 4, "num_statements": 7, "percent_covered": 57.142857142857146, "percent_covered_display": "57", "missing_lines": 3, "excluded_lines": 0}, "missing_lines": [204, 205, 206], "excluded_lines": []}, "get_all_links": {"executed_lines": [219, 220, 225], "summary": {"covered_lines": 3, "num_statements": 7, "percent_covered": 42.857142857142854, "percent_covered_display": "43", "missing_lines": 4, "excluded_lines": 0}, "missing_lines": [221, 222, 223, 224], "excluded_lines": []}, "get_leveln_parent_accounts": {"executed_lines": [239, 240, 241, 242, 243, 244, 245], "summary": {"covered_lines": 7, "num_statements": 7, "percent_covered": 100.0, "percent_covered_display": "100", "missing_lines": 0, "excluded_lines": 0}, "missing_lines": [], "excluded_lines": []}, "get_dict_accounts": {"executed_lines": [257, 258, 259, 260, 261, 262, 263], "summary": {"covered_lines": 7, "num_statements": 7, "percent_covered": 100.0, "percent_covered_display": "100", "missing_lines": 0, "excluded_lines": 0}, "missing_lines": [], "excluded_lines": []}, "get_min_max_dates": {"executed_lines": [281, 283, 289, 295], "summary": {"covered_lines": 4, "num_statements": 12, "percent_covered": 33.333333333333336, "percent_covered_display": "33", "missing_lines": 8, "excluded_lines": 0}, "missing_lines": [284, 285, 286, 287, 290, 291, 292, 293], "excluded_lines": []}, "get_active_years": {"executed_lines": [306, 307, 308], "summary": {"covered_lines": 3, "num_statements": 9, "percent_covered": 33.333333333333336, "percent_covered_display": "33", "missing_lines": 6, "excluded_lines": 0}, "missing_lines": [309, 310, 311, 312, 313, 314], "excluded_lines": []}, "get_account_open_close": {"executed_lines": [330, 331, 342], "summary": {"covered_lines": 3, "num_statements": 12, "percent_covered": 25.0, "percent_covered_display": "25", "missing_lines": 9, "excluded_lines": 0}, "missing_lines": [332, 333, 334, 335, 336, 337, 338, 339, 340], "excluded_lines": []}, "get_commodity_directives": {"executed_lines": [353], "summary": {"covered_lines": 1, "num_statements": 1, "percent_covered": 100.0, "percent_covered_display": "100", "missing_lines": 0, "excluded_lines": 0}, "missing_lines": [], "excluded_lines": []}, "get_values_meta": {"executed_lines": [374, 375, 382], "summary": {"covered_lines": 3, "num_statements": 7, "percent_covered": 42.857142857142854, "percent_covered_display": "43", "missing_lines": 4, "excluded_lines": 0}, "missing_lines": [376, 377, 378, 381], "excluded_lines": []}, "": {"executed_lines": [1, 5, 7, 8, 10, 11, 12, 14, 15, 16, 17, 18, 20, 37, 38, 40, 59, 73, 84, 94, 104, 115, 116, 120, 123, 135, 147, 161, 177, 194, 211, 228, 248, 266, 269, 298, 317, 345, 356], "summary": {"covered_lines": 37, "num_statements": 49, "percent_covered": 75.51020408163265, "percent_covered_display": "76", "missing_lines": 12, "excluded_lines": 0}, "missing_lines": [21, 22, 23, 25, 26, 27, 28, 29, 30, 31, 32, 34], "excluded_lines": []}}, "classes": {"GetAccounts": {"executed_lines": [49, 50, 51, 57], "summary": {"covered_lines": 4, "num_statements": 16, "percent_covered": 25.0, "percent_covered_display": "25", "missing_lines": 12, "excluded_lines": 0}, "missing_lines": [52, 53, 54, 55, 56, 70, 71, 81, 82, 92, 102, 112], "excluded_lines": []}, "": {"executed_lines": [1, 5, 7, 8, 10, 11, 12, 14, 15, 16, 17, 18, 20, 37, 38, 40, 59, 73, 84, 94, 104, 115, 116, 120, 123, 132, 135, 143, 144, 147, 161, 170, 171, 172, 174, 177, 185, 186, 191, 194, 202, 203, 207, 208, 211, 219, 220, 225, 228, 239, 240, 241, 242, 243, 244, 245, 248, 257, 258, 259, 260, 261, 262, 263, 266, 269, 281, 283, 289, 295, 298, 306, 307, 308, 317, 330, 331, 342, 345, 353, 356, 374, 375, 382], "summary": {"covered_lines": 82, "num_statements": 134, "percent_covered": 61.19402985074627, "percent_covered_display": "61", "missing_lines": 52, "excluded_lines": 0}, "missing_lines": [21, 22, 23, 25, 26, 27, 28, 29, 30, 31, 32, 34, 158, 173, 187, 188, 189, 190, 204, 205, 206, 221, 222, 223, 224, 284, 285, 286, 287, 290, 291, 292, 293, 309, 310, 311, 312, 313, 314, 332, 333, 334, 335, 336, 337, 338, 339, 340, 376, 377, 378, 381], "excluded_lines": []}}}, "beancount\\core\\interpolate.py": {"executed_lines": [1, 3, 4, 6, 7, 8, 9, 11, 12, 13, 14, 15, 16, 17, 18, 19, 20, 21, 22, 23, 24, 25, 26, 30, 35, 38, 39, 41, 42, 43, 46, 58, 61, 69, 72, 87, 88, 90, 93, 94, 97, 144, 145, 147, 149, 150, 152, 153, 155, 157, 158, 159, 162, 163, 164, 199, 202, 203, 208, 211, 214, 217, 234, 261, 276, 277, 284, 287, 336, 347, 348, 349, 360, 361, 362], "summary": {"covered_lines": 73, "num_statements": 131, "percent_covered": 55.725190839694655, "percent_covered_display": "56", "missing_lines": 58, "excluded_lines": 0}, "missing_lines": [91, 156, 166, 172, 174, 175, 178, 179, 180, 181, 182, 184, 185, 186, 187, 188, 189, 190, 193, 194, 195, 196, 197, 200, 227, 228, 253, 254, 255, 256, 257, 258, 278, 279, 280, 281, 282, 283, 306, 309, 310, 311, 315, 316, 317, 318, 319, 320, 321, 322, 323, 324, 327, 328, 329, 330, 331, 333], "excluded_lines": [], "functions": {"is_tolerance_user_specified": {"executed_lines": [58], "summary": {"covered_lines": 1, "num_statements": 1, "percent_covered": 100.0, "percent_covered_display": "100", "missing_lines": 0, "excluded_lines": 0}, "missing_lines": [], "excluded_lines": []}, "has_nontrivial_balance": {"executed_lines": [69], "summary": {"covered_lines": 1, "num_statements": 1, "percent_covered": 100.0, "percent_covered_display": "100", "missing_lines": 0, "excluded_lines": 0}, "missing_lines": [], "excluded_lines": []}, "compute_residual": {"executed_lines": [87, 88, 90, 93, 94], "summary": {"covered_lines": 5, "num_statements": 6, "percent_covered": 83.33333333333333, "percent_covered_display": "83", "missing_lines": 1, "excluded_lines": 0}, "missing_lines": [91], "excluded_lines": []}, "infer_tolerances": {"executed_lines": [144, 145, 147, 149, 150, 152, 153, 155, 157, 158, 159, 162, 163, 164, 199, 202, 203], "summary": {"covered_lines": 17, "num_statements": 40, "percent_covered": 42.5, "percent_covered_display": "42", "missing_lines": 23, "excluded_lines": 0}, "missing_lines": [156, 166, 172, 174, 175, 178, 179, 180, 181, 182, 184, 185, 186, 187, 188, 189, 190, 193, 194, 195, 196, 197, 200], "excluded_lines": []}, "get_residual_postings": {"executed_lines": [], "summary": {"covered_lines": 0, "num_statements": 2, "percent_covered": 0.0, "percent_covered_display": "0", "missing_lines": 2, "excluded_lines": 0}, "missing_lines": [227, 228], "excluded_lines": []}, "fill_residual_posting": {"executed_lines": [], "summary": {"covered_lines": 0, "num_statements": 6, "percent_covered": 0.0, "percent_covered_display": "0", "missing_lines": 6, "excluded_lines": 0}, "missing_lines": [253, 254, 255, 256, 257, 258], "excluded_lines": []}, "compute_entries_balance": {"executed_lines": [276, 277, 284], "summary": {"covered_lines": 3, "num_statements": 9, "percent_covered": 33.333333333333336, "percent_covered_display": "33", "missing_lines": 6, "excluded_lines": 0}, "missing_lines": [278, 279, 280, 281, 282, 283], "excluded_lines": []}, "compute_entry_context": {"executed_lines": [], "summary": {"covered_lines": 0, "num_statements": 20, "percent_covered": 0.0, "percent_covered_display": "0", "missing_lines": 20, "excluded_lines": 0}, "missing_lines": [306, 309, 310, 311, 315, 316, 317, 318, 319, 320, 321, 322, 323, 324, 327, 328, 329, 330, 331, 333], "excluded_lines": []}, "quantize_with_tolerance": {"executed_lines": [347, 348, 349, 360, 361, 362], "summary": {"covered_lines": 6, "num_statements": 6, "percent_covered": 100.0, "percent_covered_display": "100", "missing_lines": 0, "excluded_lines": 0}, "missing_lines": [], "excluded_lines": []}, "": {"executed_lines": [1, 3, 4, 6, 7, 8, 9, 11, 12, 13, 14, 15, 16, 17, 18, 19, 20, 21, 22, 23, 24, 25, 26, 30, 35, 38, 39, 41, 42, 43, 46, 61, 72, 97, 208, 211, 214, 217, 234, 261, 287, 336], "summary": {"covered_lines": 40, "num_statements": 40, "percent_covered": 100.0, "percent_covered_display": "100", "missing_lines": 0, "excluded_lines": 0}, "missing_lines": [], "excluded_lines": []}}, "classes": {"BalanceError": {"executed_lines": [], "summary": {"covered_lines": 0, "num_statements": 0, "percent_covered": 100.0, "percent_covered_display": "100", "missing_lines": 0, "excluded_lines": 0}, "missing_lines": [], "excluded_lines": []}, "": {"executed_lines": [1, 3, 4, 6, 7, 8, 9, 11, 12, 13, 14, 15, 16, 17, 18, 19, 20, 21, 22, 23, 24, 25, 26, 30, 35, 38, 39, 41, 42, 43, 46, 58, 61, 69, 72, 87, 88, 90, 93, 94, 97, 144, 145, 147, 149, 150, 152, 153, 155, 157, 158, 159, 162, 163, 164, 199, 202, 203, 208, 211, 214, 217, 234, 261, 276, 277, 284, 287, 336, 347, 348, 349, 360, 361, 362], "summary": {"covered_lines": 73, "num_statements": 131, "percent_covered": 55.725190839694655, "percent_covered_display": "56", "missing_lines": 58, "excluded_lines": 0}, "missing_lines": [91, 156, 166, 172, 174, 175, 178, 179, 180, 181, 182, 184, 185, 186, 187, 188, 189, 190, 193, 194, 195, 196, 197, 200, 227, 228, 253, 254, 255, 256, 257, 258, 278, 279, 280, 281, 282, 283, 306, 309, 310, 311, 315, 316, 317, 318, 319, 320, 321, 322, 323, 324, 327, 328, 329, 330, 331, 333], "excluded_lines": []}}}, "beancount\\core\\inventory.py": {"executed_lines": [1, 37, 39, 40, 42, 43, 44, 45, 46, 47, 48, 50, 51, 52, 53, 54, 55, 56, 57, 59, 63, 66, 67, 70, 72, 74, 76, 81, 82, 84, 91, 92, 94, 95, 96, 97, 98, 100, 102, 104, 106, 110, 119, 120, 122, 128, 130, 132, 138, 140, 144, 150, 152, 161, 162, 163, 164, 165, 166, 168, 169, 171, 178, 179, 180, 181, 182, 183, 184, 186, 194, 195, 196, 197, 198, 201, 202, 204, 210, 212, 218, 220, 228, 234, 240, 242, 250, 256, 258, 264, 266, 270, 271, 272, 275, 277, 286, 287, 288, 289, 290, 294, 302, 303, 304, 305, 306, 307, 308, 310, 316, 317, 318, 319, 336, 344, 345, 346, 347, 349, 357, 358, 359, 363, 365, 366, 367, 369, 370, 371, 373, 374, 377, 382, 383, 384, 385, 387, 389, 391, 393, 399, 416, 425, 426, 428, 432, 439, 440, 442, 445, 448, 449, 451, 452, 454, 456, 469, 476, 482, 490, 495, 497, 498, 499, 501, 509, 510, 511, 513, 515, 516, 525, 528, 531, 532, 533, 536, 539], "summary": {"covered_lines": 176, "num_statements": 188, "percent_covered": 93.61702127659575, "percent_covered_display": "94", "missing_lines": 12, "excluded_lines": 0}, "missing_lines": [60, 142, 248, 386, 417, 420, 470, 473, 548, 549, 551, 552], "excluded_lines": [], "functions": {"Inventory.__init__": {"executed_lines": [91, 92, 94, 95, 96, 97, 98], "summary": {"covered_lines": 7, "num_statements": 7, "percent_covered": 100.0, "percent_covered_display": "100", "missing_lines": 0, "excluded_lines": 0}, "missing_lines": [], "excluded_lines": []}, "Inventory.__iter__": {"executed_lines": [102], "summary": {"covered_lines": 1, "num_statements": 1, "percent_covered": 100.0, "percent_covered_display": "100", "missing_lines": 0, "excluded_lines": 0}, "missing_lines": [], "excluded_lines": []}, "Inventory.__lt__": {"executed_lines": [106], "summary": {"covered_lines": 1, "num_statements": 1, "percent_covered": 100.0, "percent_covered_display": "100", "missing_lines": 0, "excluded_lines": 0}, "missing_lines": [], "excluded_lines": []}, "Inventory.to_string": {"executed_lines": [119, 120], "summary": {"covered_lines": 2, "num_statements": 2, "percent_covered": 100.0, "percent_covered_display": "100", "missing_lines": 0, "excluded_lines": 0}, "missing_lines": [], "excluded_lines": []}, "Inventory.__str__": {"executed_lines": [128], "summary": {"covered_lines": 1, "num_statements": 1, "percent_covered": 100.0, "percent_covered_display": "100", "missing_lines": 0, "excluded_lines": 0}, "missing_lines": [], "excluded_lines": []}, "Inventory.is_empty": {"executed_lines": [138], "summary": {"covered_lines": 1, "num_statements": 1, "percent_covered": 100.0, "percent_covered_display": "100", "missing_lines": 0, "excluded_lines": 0}, "missing_lines": [], "excluded_lines": []}, "Inventory.__bool__": {"executed_lines": [], "summary": {"covered_lines": 0, "num_statements": 1, "percent_covered": 0.0, "percent_covered_display": "0", "missing_lines": 1, "excluded_lines": 0}, "missing_lines": [142], "excluded_lines": []}, "Inventory.__copy__": {"executed_lines": [150], "summary": {"covered_lines": 1, "num_statements": 1, "percent_covered": 100.0, "percent_covered_display": "100", "missing_lines": 0, "excluded_lines": 0}, "missing_lines": [], "excluded_lines": []}, "Inventory.is_small": {"executed_lines": [161, 162, 163, 164, 165, 166, 168, 169], "summary": {"covered_lines": 8, "num_statements": 8, "percent_covered": 100.0, "percent_covered_display": "100", "missing_lines": 0, "excluded_lines": 0}, "missing_lines": [], "excluded_lines": []}, "Inventory.is_mixed": {"executed_lines": [178, 179, 180, 181, 182, 183, 184], "summary": {"covered_lines": 7, "num_statements": 7, "percent_covered": 100.0, "percent_covered_display": "100", "missing_lines": 0, "excluded_lines": 0}, "missing_lines": [], "excluded_lines": []}, "Inventory.is_reduced_by": {"executed_lines": [194, 195, 196, 197, 198, 201, 202], "summary": {"covered_lines": 7, "num_statements": 7, "percent_covered": 100.0, "percent_covered_display": "100", "missing_lines": 0, "excluded_lines": 0}, "missing_lines": [], "excluded_lines": []}, "Inventory.__neg__": {"executed_lines": [210], "summary": {"covered_lines": 1, "num_statements": 1, "percent_covered": 100.0, "percent_covered_display": "100", "missing_lines": 0, "excluded_lines": 0}, "missing_lines": [], "excluded_lines": []}, "Inventory.__abs__": {"executed_lines": [218], "summary": {"covered_lines": 1, "num_statements": 1, "percent_covered": 100.0, "percent_covered_display": "100", "missing_lines": 0, "excluded_lines": 0}, "missing_lines": [], "excluded_lines": []}, "Inventory.__mul__": {"executed_lines": [228], "summary": {"covered_lines": 1, "num_statements": 1, "percent_covered": 100.0, "percent_covered_display": "100", "missing_lines": 0, "excluded_lines": 0}, "missing_lines": [], "excluded_lines": []}, "Inventory.currencies": {"executed_lines": [240], "summary": {"covered_lines": 1, "num_statements": 1, "percent_covered": 100.0, "percent_covered_display": "100", "missing_lines": 0, "excluded_lines": 0}, "missing_lines": [], "excluded_lines": []}, "Inventory.cost_currencies": {"executed_lines": [], "summary": {"covered_lines": 0, "num_statements": 1, "percent_covered": 0.0, "percent_covered_display": "0", "missing_lines": 1, "excluded_lines": 0}, "missing_lines": [248], "excluded_lines": []}, "Inventory.currency_pairs": {"executed_lines": [256], "summary": {"covered_lines": 1, "num_statements": 1, "percent_covered": 100.0, "percent_covered_display": "100", "missing_lines": 0, "excluded_lines": 0}, "missing_lines": [], "excluded_lines": []}, "Inventory.get_positions": {"executed_lines": [264], "summary": {"covered_lines": 1, "num_statements": 1, "percent_covered": 100.0, "percent_covered_display": "100", "missing_lines": 0, "excluded_lines": 0}, "missing_lines": [], "excluded_lines": []}, "Inventory.get_only_position": {"executed_lines": [270, 271, 272, 275], "summary": {"covered_lines": 4, "num_statements": 4, "percent_covered": 100.0, "percent_covered_display": "100", "missing_lines": 0, "excluded_lines": 0}, "missing_lines": [], "excluded_lines": []}, "Inventory.get_currency_units": {"executed_lines": [286, 287, 288, 289, 290], "summary": {"covered_lines": 5, "num_statements": 5, "percent_covered": 100.0, "percent_covered_display": "100", "missing_lines": 0, "excluded_lines": 0}, "missing_lines": [], "excluded_lines": []}, "Inventory.segregate_units": {"executed_lines": [302, 303, 304, 305, 306, 307, 308], "summary": {"covered_lines": 7, "num_statements": 7, "percent_covered": 100.0, "percent_covered_display": "100", "missing_lines": 0, "excluded_lines": 0}, "missing_lines": [], "excluded_lines": []}, "Inventory.split": {"executed_lines": [316, 317, 318, 319], "summary": {"covered_lines": 4, "num_statements": 4, "percent_covered": 100.0, "percent_covered_display": "100", "missing_lines": 0, "excluded_lines": 0}, "missing_lines": [], "excluded_lines": []}, "Inventory.reduce": {"executed_lines": [344, 345, 346, 347], "summary": {"covered_lines": 4, "num_statements": 4, "percent_covered": 100.0, "percent_covered_display": "100", "missing_lines": 0, "excluded_lines": 0}, "missing_lines": [], "excluded_lines": []}, "Inventory.average": {"executed_lines": [357, 358, 359, 363, 365, 366, 367, 369, 370, 371, 373, 374, 377, 382, 383, 384, 385, 387, 389, 391, 393], "summary": {"covered_lines": 21, "num_statements": 22, "percent_covered": 95.45454545454545, "percent_covered_display": "95", "missing_lines": 1, "excluded_lines": 0}, "missing_lines": [386], "excluded_lines": []}, "Inventory.add_amount": {"executed_lines": [416, 425, 426, 428, 432, 439, 440, 442, 445, 448, 449, 451, 452, 454], "summary": {"covered_lines": 14, "num_statements": 16, "percent_covered": 87.5, "percent_covered_display": "88", "missing_lines": 2, "excluded_lines": 0}, "missing_lines": [417, 420], "excluded_lines": []}, "Inventory.add_position": {"executed_lines": [469, 476], "summary": {"covered_lines": 2, "num_statements": 4, "percent_covered": 50.0, "percent_covered_display": "50", "missing_lines": 2, "excluded_lines": 0}, "missing_lines": [470, 473], "excluded_lines": []}, "Inventory.add_inventory": {"executed_lines": [490, 495, 497, 498, 499], "summary": {"covered_lines": 5, "num_statements": 5, "percent_covered": 100.0, "percent_covered_display": "100", "missing_lines": 0, "excluded_lines": 0}, "missing_lines": [], "excluded_lines": []}, "Inventory.__add__": {"executed_lines": [509, 510, 511], "summary": {"covered_lines": 3, "num_statements": 3, "percent_covered": 100.0, "percent_covered_display": "100", "missing_lines": 0, "excluded_lines": 0}, "missing_lines": [], "excluded_lines": []}, "Inventory.from_string": {"executed_lines": [525, 528, 531, 532, 533], "summary": {"covered_lines": 5, "num_statements": 5, "percent_covered": 100.0, "percent_covered_display": "100", "missing_lines": 0, "excluded_lines": 0}, "missing_lines": [], "excluded_lines": []}, "check_invariants": {"executed_lines": [], "summary": {"covered_lines": 0, "num_statements": 4, "percent_covered": 0.0, "percent_covered_display": "0", "missing_lines": 4, "excluded_lines": 0}, "missing_lines": [548, 549, 551, 552], "excluded_lines": []}, "": {"executed_lines": [1, 37, 39, 40, 42, 43, 44, 45, 46, 47, 48, 50, 51, 52, 53, 54, 55, 56, 57, 59, 63, 66, 67, 70, 72, 74, 76, 81, 82, 84, 100, 104, 110, 122, 130, 132, 140, 144, 152, 171, 186, 204, 212, 220, 234, 242, 250, 258, 266, 277, 294, 310, 336, 349, 399, 456, 482, 501, 513, 515, 516, 536, 539], "summary": {"covered_lines": 60, "num_statements": 61, "percent_covered": 98.36065573770492, "percent_covered_display": "98", "missing_lines": 1, "excluded_lines": 0}, "missing_lines": [60], "excluded_lines": []}}, "classes": {"MatchResult": {"executed_lines": [], "summary": {"covered_lines": 0, "num_statements": 0, "percent_covered": 100.0, "percent_covered_display": "100", "missing_lines": 0, "excluded_lines": 0}, "missing_lines": [], "excluded_lines": []}, "Inventory": {"executed_lines": [91, 92, 94, 95, 96, 97, 98, 102, 106, 119, 120, 128, 138, 150, 161, 162, 163, 164, 165, 166, 168, 169, 178, 179, 180, 181, 182, 183, 184, 194, 195, 196, 197, 198, 201, 202, 210, 218, 228, 240, 256, 264, 270, 271, 272, 275, 286, 287, 288, 289, 290, 302, 303, 304, 305, 306, 307, 308, 316, 317, 318, 319, 344, 345, 346, 347, 357, 358, 359, 363, 365, 366, 367, 369, 370, 371, 373, 374, 377, 382, 383, 384, 385, 387, 389, 391, 393, 416, 425, 426, 428, 432, 439, 440, 442, 445, 448, 449, 451, 452, 454, 469, 476, 490, 495, 497, 498, 499, 509, 510, 511, 525, 528, 531, 532, 533], "summary": {"covered_lines": 116, "num_statements": 123, "percent_covered": 94.3089430894309, "percent_covered_display": "94", "missing_lines": 7, "excluded_lines": 0}, "missing_lines": [142, 248, 386, 417, 420, 470, 473], "excluded_lines": []}, "": {"executed_lines": [1, 37, 39, 40, 42, 43, 44, 45, 46, 47, 48, 50, 51, 52, 53, 54, 55, 56, 57, 59, 63, 66, 67, 70, 72, 74, 76, 81, 82, 84, 100, 104, 110, 122, 130, 132, 140, 144, 152, 171, 186, 204, 212, 220, 234, 242, 250, 258, 266, 277, 294, 310, 336, 349, 399, 456, 482, 501, 513, 515, 516, 536, 539], "summary": {"covered_lines": 60, "num_statements": 65, "percent_covered": 92.3076923076923, "percent_covered_display": "92", "missing_lines": 5, "excluded_lines": 0}, "missing_lines": [60, 548, 549, 551, 552], "excluded_lines": []}}}, "beancount\\core\\number.py": {"executed_lines": [1, 13, 15, 16, 18, 19, 22, 23, 24, 25, 31, 32, 36, 38, 41, 56, 58, 59, 60, 61, 62, 63, 64, 65, 74, 83, 86, 95, 98, 100, 101, 104, 105, 106, 107, 108, 109, 110, 113, 116, 130, 131, 132, 133, 134, 136, 139, 141, 144, 164, 165, 166], "summary": {"covered_lines": 51, "num_statements": 54, "percent_covered": 94.44444444444444, "percent_covered_display": "94", "missing_lines": 3, "excluded_lines": 0}, "missing_lines": [67, 68, 69], "excluded_lines": [], "functions": {"D": {"executed_lines": [56, 58, 59, 60, 61, 62, 63, 64, 65], "summary": {"covered_lines": 9, "num_statements": 12, "percent_covered": 75.0, "percent_covered_display": "75", "missing_lines": 3, "excluded_lines": 0}, "missing_lines": [67, 68, 69], "excluded_lines": []}, "round_to": {"executed_lines": [83], "summary": {"covered_lines": 1, "num_statements": 1, "percent_covered": 100.0, "percent_covered_display": "100", "missing_lines": 0, "excluded_lines": 0}, "missing_lines": [], "excluded_lines": []}, "same_sign": {"executed_lines": [95], "summary": {"covered_lines": 1, "num_statements": 1, "percent_covered": 100.0, "percent_covered_display": "100", "missing_lines": 0, "excluded_lines": 0}, "missing_lines": [], "excluded_lines": []}, "auto_quantized_exponent": {"executed_lines": [100, 101, 104, 105, 106, 107, 108, 109, 110, 113], "summary": {"covered_lines": 10, "num_statements": 10, "percent_covered": 100.0, "percent_covered_display": "100", "missing_lines": 0, "excluded_lines": 0}, "missing_lines": [], "excluded_lines": []}, "auto_quantize": {"executed_lines": [130, 131, 132, 133, 134, 136], "summary": {"covered_lines": 6, "num_statements": 6, "percent_covered": 100.0, "percent_covered_display": "100", "missing_lines": 0, "excluded_lines": 0}, "missing_lines": [], "excluded_lines": []}, "num_fractional_digits": {"executed_lines": [141], "summary": {"covered_lines": 1, "num_statements": 1, "percent_covered": 100.0, "percent_covered_display": "100", "missing_lines": 0, "excluded_lines": 0}, "missing_lines": [], "excluded_lines": []}, "infer_quantum_from_list": {"executed_lines": [164, 165, 166], "summary": {"covered_lines": 3, "num_statements": 
[...]
 256, 257, 260, 261, 266, 279, 291, 304], "summary": {"covered_lines": 99, "num_statements": 108, "percent_covered": 91.66666666666667, "percent_covered_display": "92", "missing_lines": 9, "excluded_lines": 0}, "missing_lines": [88, 89, 126, 136, 137, 138, 139, 140, 220], "excluded_lines": []}}}, "beancount\\utils\\pager.py": {"executed_lines": [1, 17, 18, 20, 21, 22, 23, 24, 25, 26, 29, 32, 44, 46, 49, 56, 57, 59, 60, 63, 64, 68, 71, 72, 76, 86, 87, 88, 94, 99, 100, 101, 103, 106, 107, 110, 112, 119, 120, 121, 122, 123, 124, 126, 132, 134, 135, 138, 139, 140, 143, 150, 158, 159, 161, 165, 168, 177, 179, 183, 184], "summary": {"covered_lines": 59, "num_statements": 72, "percent_covered": 81.94444444444444, "percent_covered_display": "82", "missing_lines": 13, "excluded_lines": 0}, "missing_lines": [45, 47, 66, 67, 169, 170, 173, 174, 178, 180, 196, 197, 199], "excluded_lines": [], "functions": {"create_pager": {"executed_lines": [44, 46, 49, 56, 57, 59, 60, 63, 64, 68], "summary": {"covered_lines": 10, "num_statements": 14, "percent_covered": 71.42857142857143, "percent_covered_display": "71", "missing_lines": 4, "excluded_lines": 0}, "missing_lines": [45, 47, 66, 67], "excluded_lines": []}, "ConditionalPager.__init__": {"executed_lines": [86, 87, 88], "summary": {"covered_lines": 3, "num_statements": 3, "percent_covered": 100.0, "percent_covered_display": "100", "missing_lines": 0, "excluded_lines": 0}, "missing_lines": [], "excluded_lines": []}, "ConditionalPager.__enter__": {"executed_lines": [99, 100, 101, 103, 106, 107, 110], "summary": {"covered_lines": 7, "num_statements": 7, "percent_covered": 100.0, "percent_covered_display": "100", "missing_lines": 0, "excluded_lines": 0}, "missing_lines": [], "excluded_lines": []}, "ConditionalPager.flush_accumulated": {"executed_lines": [119, 120, 121, 122, 123, 124], "summary": {"covered_lines": 6, "num_statements": 6, "percent_covered": 100.0, "percent_covered_display": "100", "missing_lines": 0, "excluded_lines": 0}, "missing_lines": [], "excluded_lines": []}, "ConditionalPager.write": {"executed_lines": [132, 134, 135, 138, 139, 140, 143], "summary": {"covered_lines": 7, "num_statements": 7, "percent_covered": 100.0, "percent_covered_display": "100", "missing_lines": 0, "excluded_lines": 0}, "missing_lines": [], "excluded_lines": []}, "ConditionalPager.__exit__": {"executed_lines": [158, 159, 161, 165, 168, 177, 179], "summary": {"covered_lines": 7, "num_statements": 13, "percent_covered": 53.84615384615385, "percent_covered_display": "54", "missing_lines": 6, "excluded_lines": 0}, "missing_lines": [169, 170, 173, 174, 178, 180], "excluded_lines": []}, "flush_only": {"executed_lines": [], "summary": {"covered_lines": 0, "num_statements": 3, "percent_covered": 0.0, "percent_covered_display": "0", "missing_lines": 3, "excluded_lines": 0}, "missing_lines": [196, 197, 199], "excluded_lines": []}, "": {"executed_lines": [1, 17, 18, 20, 21, 22, 23, 24, 25, 26, 29, 32, 71, 72, 76, 94, 112, 126, 150, 183, 184], "summary": {"covered_lines": 19, "num_statements": 19, "percent_covered": 100.0, "percent_covered_display": "100", "missing_lines": 0, "excluded_lines": 0}, "missing_lines": [], "excluded_lines": []}}, "classes": {"ConditionalPager": {"executed_lines": [86, 87, 88, 99, 100, 101, 103, 106, 107, 110, 119, 120, 121, 122, 123, 124, 132, 134, 135, 138, 139, 140, 143, 158, 159, 161, 165, 168, 177, 179], "summary": {"covered_lines": 30, "num_statements": 36, "percent_covered": 83.33333333333333, "percent_covered_display": "83", "missing_lines": 6, "excluded_lines": 0}, "missing_lines": [169, 170, 173, 174, 178, 180], "excluded_lines": []}, "": {"executed_lines": [1, 17, 18, 20, 21, 22, 23, 24, 25, 26, 29, 32, 44, 46, 49, 56, 57, 59, 60, 63, 64, 68, 71, 72, 76, 94, 112, 126, 150, 183, 184], "summary": {"covered_lines": 29, "num_statements": 36, "percent_covered": 80.55555555555556, "percent_covered_display": "81", "missing_lines": 7, "excluded_lines": 0}, "missing_lines": [45, 47, 66, 67, 196, 197, 199], "excluded_lines": []}}}, "beancount\\utils\\table.py": {"executed_lines": [1, 3, 4, 6, 7, 8, 9, 21, 24, 32, 35, 50, 54, 55, 56, 57, 58, 59, 60, 61, 62, 63, 64, 65, 66, 68, 69, 70, 71, 74, 76, 79, 88, 89, 92, 95, 98, 99, 100, 101, 102, 103, 104, 105, 108, 109, 110, 112, 115, 116, 118, 121, 134, 135, 138, 139, 140, 141, 142, 143, 144, 147, 148, 149, 150, 151, 152, 153, 156, 157, 158, 161, 174, 177, 178, 179, 180, 181, 182, 183, 184, 186, 190, 191, 194, 195, 196, 199, 200, 201, 202, 204, 207, 219, 221, 222, 223, 224, 226, 227, 230, 241, 242, 243, 244, 245, 246, 247, 249, 250, 252, 253, 254, 257, 270, 271, 272, 274, 275, 277, 278, 279, 280, 282, 283, 284, 285, 287, 288, 289], "summary": {"covered_lines": 129, "num_statements": 137, "percent_covered": 94.16058394160584, "percent_covered_display": "94", "missing_lines": 8, "excluded_lines": 0}, "missing_lines": [51, 52, 73, 107, 114, 188, 248, 292], "excluded_lines": [], "functions": {"attribute_to_title": {"executed_lines": [32], "summary": {"covered_lines": 1, "num_statements": 1, "percent_covered": 100.0, "percent_covered_display": "100", "missing_lines": 0, "excluded_lines": 0}, "missing_lines": [], "excluded_lines": []}, "create_table": {"executed_lines": [50, 54, 55, 56, 57, 58, 59, 60, 61, 62, 63, 64, 65, 66, 68, 69, 70, 71, 74, 76, 79, 88, 89, 92, 95, 98, 99, 100, 101, 102, 103, 104, 105, 108, 109, 110, 112, 115, 116, 118], "summary": {"covered_lines": 40, "num_statements": 45, "percent_covered": 88.88888888888889, "percent_covered_display": "89", "missing_lines": 5, "excluded_lines": 0}, "missing_lines": [51, 52, 73, 107, 114], "excluded_lines": []}, "table_to_html": {"executed_lines": [134, 135, 138, 139, 140, 141, 142, 143, 144, 147, 148, 149, 150, 151, 152, 153, 156, 157, 158], "summary": {"covered_lines": 19, "num_statements": 19, "percent_covered": 100.0, "percent_covered_display": "100", "missing_lines": 0, "excluded_lines": 0}, "missing_lines": [], "excluded_lines": []}, "table_to_text": {"executed_lines": [174, 177, 178, 179, 180, 181, 182, 183, 184, 186, 190, 191, 194, 195, 196, 199, 200, 201, 202, 204], "summary": {"covered_lines": 20, "num_statements": 21, "percent_covered": 95.23809523809524, "percent_covered_display": "95", "missing_lines": 1, "excluded_lines": 0}, "missing_lines": [188], "excluded_lines": []}, "table_to_csv": {"executed_lines": [219, 221, 222, 223, 224, 226, 227], "summary": {"covered_lines": 7, "num_statements": 7, "percent_covered": 100.0, "percent_covered_display": "100", "missing_lines": 0, "excluded_lines": 0}, "missing_lines": [], "excluded_lines": []}, "compute_table_widths": {"executed_lines": [241, 242, 243, 244, 245, 246, 247, 249, 250, 252, 253, 254], "summary": {"covered_lines": 12, "num_statements": 13, "percent_covered": 92.3076923076923, "percent_covered_display": "92", "missing_lines": 1, "excluded_lines": 0}, "missing_lines": [248], "excluded_lines": []}, "render_table": {"executed_lines": [270, 271, 272, 274, 275, 277, 278, 279, 280, 282, 283, 284, 285, 287, 288, 289], "summary": {"covered_lines": 16, "num_statements": 17, "percent_covered": 94.11764705882354, "percent_covered_display": "94", "missing_lines": 1, "excluded_lines": 0}, "missing_lines": [292], "excluded_lines": []}, "": {"executed_lines": [1, 3, 4, 6, 7, 8, 9, 21, 24, 35, 121, 161, 207, 230, 257], "summary": {"covered_lines": 14, "num_statements": 14, "percent_covered": 100.0, "percent_covered_display": "100", "missing_lines": 0, "excluded_lines": 0}, "missing_lines": [], "excluded_lines": []}}, "classes": {"": {"executed_lines": [1, 3, 4, 6, 7, 8, 9, 21, 24, 32, 35, 50, 54, 55, 56, 57, 58, 59, 60, 61, 62, 63, 64, 65, 66, 68, 69, 70, 71, 74, 76, 79, 88, 89, 92, 95, 98, 99, 100, 101, 102, 103, 104, 105, 108, 109, 110, 112, 115, 116, 118, 121, 134, 135, 138, 139, 140, 141, 142, 143, 144, 147, 148, 149, 150, 151, 152, 153, 156, 157, 158, 161, 174, 177, 178, 179, 180, 181, 182, 183, 184, 186, 190, 191, 194, 195, 196, 199, 200, 201, 202, 204, 207, 219, 221, 222, 223, 224, 226, 227, 230, 241, 242, 243, 244, 245, 246, 247, 249, 250, 252, 253, 254, 257, 270, 271, 272, 274, 275, 277, 278, 279, 280, 282, 283, 284, 285, 287, 288, 289], "summary": {"covered_lines": 129, "num_statements": 137, "percent_covered": 94.16058394160584, "percent_covered_display": "94", "missing_lines": 8, "excluded_lines": 0}, "missing_lines": [51, 52, 73, 107, 114, 188, 248, 292], "excluded_lines": []}}}, "beancount\\utils\\test_utils.py": {"executed_lines": [1, 3, 5, 6, 8, 9, 10, 11, 12, 13, 14, 15, 16, 17, 18, 19, 20, 21, 22, 24, 27, 29, 30, 33, 41, 45, 46, 49, 50, 51, 52, 54, 57, 66, 84, 85, 94, 95, 98, 99, 109, 110, 111, 113, 114, 117, 130, 131, 132, 133, 134, 136, 139, 140, 144, 153, 154, 155, 156, 157, 160, 161, 174, 175, 176, 178, 179, 180, 181, 182, 183, 184, 186, 188, 189, 192, 213, 214, 215, 216, 219, 221, 222, 225, 234, 237, 246, 247, 248, 251, 252, 253, 255, 256, 258, 259, 261, 264, 265, 272, 274, 275, 277, 278, 280, 281, 294, 295, 296, 297, 298, 299, 301, 302, 303, 304, 305, 306, 309, 310, 320, 321, 322, 323, 327, 328, 329, 331, 332, 340, 341, 342, 345, 346, 348, 349, 350, 351, 352, 355, 356, 366, 367, 368, 369, 372, 394, 395, 402, 403, 404, 405, 406, 408, 415, 418], "summary": {"covered_lines": 153, "num_statements": 171, "percent_covered": 89.47368421052632, "percent_covered_display": "89", "missing_lines": 18, "excluded_lines": 0}, "missing_lines": [42, 47, 53, 63, 74, 81, 386, 387, 388, 389, 391, 427, 428, 429, 430, 431, 433, 434], "excluded_lines": [], "functions": {"nottest": {"executed_lines": [29, 30], "summary": {"covered_lines": 2, "num_statements": 2, "percent_covered": 100.0, "percent_covered_display": "100", "missing_lines": 0, "excluded_lines": 0}, "missing_lines": [], "excluded_lines": []}, "find_repository_root": {"executed_lines": [41, 45, 46, 49, 50, 51, 52, 54], "summary": {"covered_lines": 8, "num_statements": 11, "percent_covered": 72.72727272727273, "percent_covered_display": "73", "missing_lines": 3, "excluded_lines": 0}, "missing_lines": [42, 47, 53], "excluded_lines": []}, "find_python_lib": {"executed_lines": [], "summary": {"covered_lines": 0, "num_statements": 1, "percent_covered": 0.0, "percent_covered_display": "0", "missing_lines": 1, "excluded_lines": 0}, "missing_lines": [63], "excluded_lines": []}, "subprocess_env": {"executed_lines": [], "summary": {"covered_lines": 0, "num_statements": 2, "percent_covered": 0.0, "percent_covered_display": "0", "missing_lines": 2, "excluded_lines": 0}, "missing_lines": [74, 81], "excluded_lines": []}, "temp_file": {"executed_lines": [94, 95], "summary": {"covered_lines": 2, "num_statements": 2, "percent_covered": 100.0, "percent_covered_display": "100", "missing_lines": 0, "excluded_lines": 0}, "missing_lines": [], "excluded_lines": []}, "tempdir": {"executed_lines": [109, 110, 111, 113, 114], "summary": {"covered_lines": 5, "num_statements": 5, "percent_covered": 100.0, "percent_covered_display": "100", "missing_lines": 0, "excluded_lines": 0}, "missing_lines": [], "excluded_lines": []}, "create_temporary_files": {"executed_lines": [130, 131, 132, 133, 134, 136, 139, 140], "summary": {"covered_lines": 8, "num_statements": 8, "percent_covered": 100.0, "percent_covered_display": "100", "missing_lines": 0, "excluded_lines": 0}, "missing_lines": [], "excluded_lines": []}, "capture": {"executed_lines": [153, 154, 155, 156, 157], "summary": {"covered_lines": 5, "num_statements": 5, "percent_covered": 100.0, "percent_covered_display": "100", "missing_lines": 0, "excluded_lines": 0}, "missing_lines": [], "excluded_lines": []}, "patch": {"executed_lines": [174, 175, 176, 178, 179, 180, 181, 182, 183, 184, 186, 188, 189], "summary": {"covered_lines": 13, "num_statements": 13, "percent_covered": 100.0, "percent_covered_display": "100", "missing_lines": 0, "excluded_lines": 0}, "missing_lines": [], "excluded_lines": []}, "docfile": {"executed_lines": [213, 214, 221, 222], "summary": {"covered_lines": 4, "num_statements": 4, "percent_covered": 100.0, "percent_covered_display": "100", "missing_lines": 0, "excluded_lines": 0}, "missing_lines": [], "excluded_lines": []}, "docfile.new_function": {"executed_lines": [215, 216, 219], "summary": {"covered_lines": 3, "num_statements": 3, "percent_covered": 100.0, "percent_covered_display": "100", "missing_lines": 0, "excluded_lines": 0}, "missing_lines": [], "excluded_lines": []}, "docfile_extra": {"executed_lines": [234], "summary": {"covered_lines": 1, "num_statements": 1, "percent_covered": 100.0, "percent_covered_display": "100", "missing_lines": 0, "excluded_lines": 0}, "missing_lines": [], "excluded_lines": []}, "search_words": {"executed_lines": [246, 247, 248], "summary": {"covered_lines": 3, "num_statements": 3, "percent_covered": 100.0, "percent_covered_display": "100", "missing_lines": 0, "excluded_lines": 0}, "missing_lines": [], "excluded_lines": []}, "TestTempdirMixin.setUp": {"executed_lines": [253, 255, 256], "summary": {"covered_lines": 3, "num_statements": 3, "percent_covered": 100.0, "percent_covered_display": "100", "missing_lines": 0, "excluded_lines": 0}, "missing_lines": [], "excluded_lines": []}, "TestTempdirMixin.tearDown": {"executed_lines": [259, 261], "summary": {"covered_lines": 2, "num_statements": 2, "percent_covered": 100.0, "percent_covered_display": "100", "missing_lines": 0, "excluded_lines": 0}, "missing_lines": [], "excluded_lines": []}, "TmpFilesTestBase.setUp": {"executed_lines": [275], "summary": {"covered_lines": 1, "num_statements": 1, "percent_covered": 100.0, "percent_covered_display": "100", "missing_lines": 0, "excluded_lines": 0}, "missing_lines": [], "excluded_lines": []}, "TmpFilesTestBase.tearDown": {"executed_lines": [278], "summary": {"covered_lines": 1, "num_statements": 1, "percent_covered": 100.0, "percent_covered_display": "100", "missing_lines": 0, "excluded_lines": 0}, "missing_lines": [], "excluded_lines": []}, "TmpFilesTestBase.create_file_hierarchy": {"executed_lines": [294, 295, 296, 297, 298, 299, 301, 302, 303, 304, 305, 306], "summary": {"covered_lines": 12, "num_statements": 12, "percent_covered": 100.0, "percent_covered_display": "100", "missing_lines": 0, "excluded_lines": 0}, "missing_lines": [], "excluded_lines": []}, "TestCase.assertLines": {"executed_lines": [320, 321, 322, 323, 327, 328, 329], "summary": {"covered_lines": 7, "num_statements": 7, "percent_covered": 100.0, "percent_covered_display": "100", "missing_lines": 0, "excluded_lines": 0}, "missing_lines": [], "excluded_lines": []}, "TestCase.assertOutput": {"executed_lines": [340, 341, 342], "summary": {"covered_lines": 3, "num_statements": 3, "percent_covered": 100.0, "percent_covered_display": "100", "missing_lines": 0, "excluded_lines": 0}, "missing_lines": [], "excluded_lines": []}, "ClickTestCase.run_with_args": {"executed_lines": [349, 350, 351, 352], "summary": {"covered_lines": 4, "num_statements": 4, "percent_covered": 100.0, "percent_covered_display": "100", "missing_lines": 0, "excluded_lines": 0}, "missing_lines": [], "excluded_lines": []}, "skipIfRaises": {"executed_lines": [366, 367, 368, 369], "summary": {"covered_lines": 4, "num_statements": 4, "percent_covered": 100.0, "percent_covered_display": "100", "missing_lines": 0, "excluded_lines": 0}, "missing_lines": [], "excluded_lines": []}, "make_failing_importer": {"executed_lines": [], "summary": {"covered_lines": 0, "num_statements": 2, "percent_covered": 0.0, "percent_covered_display": "0", "missing_lines": 2, "excluded_lines": 0}, "missing_lines": [386, 391], "excluded_lines": []}, "make_failing_importer.failing_import": {"executed_lines": [], "summary": {"covered_lines": 0, "num_statements": 3, "percent_covered": 0.0, "percent_covered_display": "0", "missing_lines": 3, "excluded_lines": 0}, "missing_lines": [387, 388, 389], "excluded_lines": []}, "environ": {"executed_lines": [402, 403, 404, 405, 406, 408], "summary": {"covered_lines": 6, "num_statements": 6, "percent_covered": 100.0, "percent_covered_display": "100", "missing_lines": 0, "excluded_lines": 0}, "missing_lines": [], "excluded_lines": []}, "record": {"executed_lines": [], "summary": {"covered_lines": 0, "num_statements": 4, "percent_covered": 0.0, "percent_covered_display": "0", "missing_lines": 4, "excluded_lines": 0}, "missing_lines": [427, 428, 433, 434], "excluded_lines": []}, "record.wrapped": {"executed_lines": [], "summary": {"covered_lines": 0, "num_statements": 3, "percent_covered": 0.0, "percent_covered_display": "0", "missing_lines": 3, "excluded_lines": 0}, "missing_lines": [429, 430, 431], "excluded_lines": []}, "": {"executed_lines": [1, 3, 5, 6, 8, 9, 10, 11, 12, 13, 14, 15, 16, 17, 18, 19, 20, 21, 22, 24, 27, 33, 57, 66, 84, 85, 98, 99, 117, 144, 160, 161, 192, 225, 237, 251, 252, 258, 264, 265, 272, 274, 277, 280, 281, 309, 310, 331, 332, 345, 346, 348, 355, 356, 372, 394, 395, 415, 418], "summary": {"covered_lines": 56, "num_statements": 56, "percent_covered": 100.0, "percent_covered_display": "100", "missing_lines": 0, "excluded_lines": 0}, "missing_lines": [], "excluded_lines": []}}, "classes": {"TestTempdirMixin": {"executed_lines": [253, 255, 256, 259, 261], "summary": {"covered_lines": 5, "num_statements": 5, "percent_covered": 100.0, "percent_covered_display": "100", "missing_lines": 0, "excluded_lines": 0}, "missing_lines": [], "excluded_lines": []}, "TmpFilesTestBase": {"executed_lines": [275, 278, 294, 295, 296, 297, 298, 299, 301, 302, 303, 304, 305, 306], "summary": {"covered_lines": 14, "num_statements": 14, "percent_covered": 100.0, "percent_covered_display": "100", "missing_lines": 0, "excluded_lines": 0}, "missing_lines": [], "excluded_lines": []}, "TestCase": {"executed_lines": [320, 321, 322, 323, 327, 328, 329, 340, 341, 342], "summary": {"covered_lines": 10, "num_statements": 10, "percent_covered": 100.0, "percent_covered_display": "100", "missing_lines": 0, "excluded_lines": 0}, "missing_lines": [], "excluded_lines": []}, "ClickTestCase": {"executed_lines": [349, 350, 351, 352], "summary": {"covered_lines": 4, "num_statements": 4, "percent_covered": 100.0, "percent_covered_display": "100", "missing_lines": 0, "excluded_lines": 0}, "missing_lines": [], "excluded_lines": []}, "": {"executed_lines": [1, 3, 5, 6, 8, 9, 10, 11, 12, 13, 14, 15, 16, 17, 18, 19, 20, 21, 22, 24, 27, 29, 30, 33, 41, 45, 46, 49, 50, 51, 52, 54, 57, 66, 84, 85, 94, 95, 98, 99, 109, 110, 111, 113, 114, 117, 130, 131, 132, 133, 134, 136, 139, 140, 144, 153, 154, 155, 156, 157, 160, 161, 174, 175, 176, 178, 179, 180, 181, 182, 183, 184, 186, 188, 189, 192, 213, 214, 215, 216, 219, 221, 222, 225, 234, 237, 246, 247, 248, 251, 252, 258, 264, 265, 272, 274, 277, 280, 281, 309, 310, 331, 332, 345, 346, 348, 355, 356, 366, 367, 368, 369, 372, 394, 395, 402, 403, 404, 405, 406, 408, 415, 418], "summary": {"covered_lines": 120, "num_statements": 138, "percent_covered": 86.95652173913044, "percent_covered_display": "87", "missing_lines": 18, "excluded_lines": 0}, "missing_lines": [42, 47, 53, 63, 74, 81, 386, 387, 388, 389, 391, 427, 428, 429, 430, 431, 433, 434], "excluded_lines": []}}}, "experiments\\__init__.py": {"executed_lines": [], "summary": {"covered_lines": 0, "num_statements": 0, "percent_covered": 100.0, "percent_covered_display": "100", "missing_lines": 0, "excluded_lines": 0}, "missing_lines": [], "excluded_lines": [], "functions": {"": {"executed_lines": [], "summary": {"covered_lines": 0, "num_statements": 0, "percent_covered": 100.0, "percent_covered_display": "100", "missing_lines": 0, "excluded_lines": 0}, "missing_lines": [], "excluded_lines": []}}, "classes": {"": {"executed_lines": [], "summary": {"covered_lines": 0, "num_statements": 0, "percent_covered": 100.0, "percent_covered_display": "100", "missing_lines": 0, "excluded_lines": 0}, "missing_lines": [], "excluded_lines": []}}}}, "totals": {"covered_lines": 4444, "num_statements": 7486, "percent_covered": 59.3641464066257, "percent_covered_display": "59", "missing_lines": 3042, "excluded_lines": 0}}